<?xml version="1.0" encoding="utf-8"?>
<CoverageSession xmlns:xsd="http://www.w3.org/2001/XMLSchema" xmlns:xsi="http://www.w3.org/2001/XMLSchema-instance">
  <Summary numSequencePoints="434" visitedSequencePoints="139" numBranchPoints="75" visitedBranchPoints="24" sequenceCoverage="32.03" branchCoverage="32" maxCyclomaticComplexity="11" minCyclomaticComplexity="1" visitedClasses="5" numClasses="11" visitedMethods="21" numMethods="51" />
  <Modules>
    <Module skippedDueTo="Filter" hash="A6-15-3E-19-99-17-0F-DA-B2-A8-9F-43-BD-42-2D-79-C3-56-53-54">
      <FullName>C:\WINDOWS\Microsoft.Net\assembly\GAC_32\mscorlib\v4.0_4.0.0.0__b77a5c561934e089\mscorlib.dll</FullName>
      <ModuleName>mscorlib</ModuleName>
      <Classes />
    </Module>
    <Module skippedDueTo="MissingPdb" hash="E2-DA-17-B7-8D-65-C9-A7-DC-AA-70-F5-C0-F4-F6-88-06-2B-68-8D">
      <FullName>C:\Program Files (x86)\Microsoft Visual Studio 12.0\Common7\IDE\CommonExtensions\Microsoft\TestWindow\vstest.console.exe</FullName>
      <ModuleName>vstest.console</ModuleName>
      <Classes />
    </Module>
    <Module skippedDueTo="MissingPdb" hash="86-AC-D6-5D-91-9A-F3-AA-B4-32-E5-5F-5B-BE-B0-02-78-F5-FD-44">
      <FullName>C:\Program Files (x86)\Microsoft Visual Studio 12.0\Common7\IDE\CommonExtensions\Microsoft\TestWindow\Microsoft.VisualStudio.TestPlatform.ObjectModel.dll</FullName>
      <ModuleName>Microsoft.VisualStudio.TestPlatform.ObjectModel</ModuleName>
      <Classes />
    </Module>
    <Module skippedDueTo="Filter" hash="31-4C-59-B7-5C-AF-0C-72-D6-7E-ED-4D-87-55-B7-49-31-7E-69-0F">
      <FullName>C:\WINDOWS\Microsoft.Net\assembly\GAC_MSIL\System\v4.0_4.0.0.0__b77a5c561934e089\System.dll</FullName>
      <ModuleName>System</ModuleName>
      <Classes />
    </Module>
    <Module skippedDueTo="Filter" hash="AD-56-8F-5F-20-FC-6D-01-BA-F5-88-25-06-84-53-56-62-E9-A7-DA">
      <FullName>C:\WINDOWS\Microsoft.Net\assembly\GAC_MSIL\System.Configuration\v4.0_4.0.0.0__b03f5f7f11d50a3a\System.Configuration.dll</FullName>
      <ModuleName>System.Configuration</ModuleName>
      <Classes />
    </Module>
    <Module skippedDueTo="Filter" hash="2E-7C-50-4B-F1-9F-44-D6-53-A0-86-3B-B1-FC-68-7E-74-0B-0F-A3">
      <FullName>C:\WINDOWS\Microsoft.Net\assembly\GAC_MSIL\System.Xml\v4.0_4.0.0.0__b77a5c561934e089\System.Xml.dll</FullName>
      <ModuleName>System.Xml</ModuleName>
      <Classes />
    </Module>
    <Module skippedDueTo="Filter" hash="46-66-5A-A6-45-F1-24-D1-2E-27-E3-C7-C7-57-79-57-17-42-A7-3E">
      <FullName>C:\WINDOWS\Microsoft.Net\assembly\GAC_MSIL\System.ComponentModel.Composition\v4.0_4.0.0.0__b77a5c561934e089\System.ComponentModel.Composition.dll</FullName>
      <ModuleName>System.ComponentModel.Composition</ModuleName>
      <Classes />
    </Module>
    <Module skippedDueTo="MissingPdb" hash="1D-4C-5A-E0-2F-C0-C3-3A-4E-2C-65-81-1A-A3-14-05-4F-49-BE-BD">
      <FullName>C:\Program Files (x86)\Microsoft Visual Studio 12.0\Common7\IDE\CommonExtensions\Microsoft\TestWindow\Microsoft.VisualStudio.TestPlatform.Common.dll</FullName>
      <ModuleName>Microsoft.VisualStudio.TestPlatform.Common</ModuleName>
      <Classes />
    </Module>
    <Module skippedDueTo="Filter" hash="B7-10-4F-1B-6D-57-21-B9-85-03-68-4E-D4-19-A6-00-93-3C-4E-7D">
      <FullName>C:\WINDOWS\Microsoft.Net\assembly\GAC_MSIL\System.Core\v4.0_4.0.0.0__b77a5c561934e089\System.Core.dll</FullName>
      <ModuleName>System.Core</ModuleName>
      <Classes />
    </Module>
    <Module skippedDueTo="MissingPdb" hash="06-BE-FB-49-EF-02-AD-98-5C-5B-72-13-51-89-84-A2-91-5D-8B-5C">
      <FullName>C:\Program Files (x86)\Microsoft Visual Studio 12.0\Common7\IDE\CommonExtensions\Microsoft\TestWindow\Microsoft.VisualStudio.TestPlatform.Core.dll</FullName>
      <ModuleName>Microsoft.VisualStudio.TestPlatform.Core</ModuleName>
      <Classes />
    </Module>
    <Module skippedDueTo="MissingPdb" hash="99-0A-09-85-14-BD-E4-7D-C7-11-CF-5F-29-63-60-43-24-F2-16-CF">
      <FullName>C:\Program Files (x86)\Microsoft Visual Studio 12.0\Common7\IDE\CommonExtensions\Microsoft\TestWindow\Microsoft.VisualStudio.TestPlatform.Utilities.dll</FullName>
      <ModuleName>Microsoft.VisualStudio.TestPlatform.Utilities</ModuleName>
      <Classes />
    </Module>
    <Module skippedDueTo="MissingPdb" hash="5F-48-90-1B-6E-E9-62-87-25-54-6F-4E-30-6F-4E-A2-DD-F6-AF-D0">
      <FullName>C:\Program Files (x86)\Microsoft Visual Studio 12.0\Common7\IDE\CommonExtensions\Microsoft\TestWindow\Microsoft.VisualStudio.TestPlatform.Client.dll</FullName>
      <ModuleName>Microsoft.VisualStudio.TestPlatform.Client</ModuleName>
      <Classes />
    </Module>
    <Module skippedDueTo="Filter" hash="5B-BF-C0-28-AB-A7-35-C9-57-AB-6A-D4-15-DE-68-78-F8-E0-1F-C8">
      <FullName>C:\WINDOWS\Microsoft.Net\assembly\GAC_MSIL\System.ServiceModel\v4.0_4.0.0.0__b77a5c561934e089\System.ServiceModel.dll</FullName>
      <ModuleName>System.ServiceModel</ModuleName>
      <Classes />
    </Module>
    <Module skippedDueTo="Filter" hash="62-DD-C4-21-D7-CA-DD-C7-00-43-C6-19-49-2F-D5-C4-AA-91-60-D8">
      <FullName>C:\WINDOWS\Microsoft.Net\assembly\GAC_32\System.Transactions\v4.0_4.0.0.0__b77a5c561934e089\System.Transactions.dll</FullName>
      <ModuleName>System.Transactions</ModuleName>
      <Classes />
    </Module>
    <Module skippedDueTo="MissingPdb" hash="">
      <FullName>RefEmit_InMemoryManifestModule</FullName>
      <ModuleName>MetadataViewProxies_48f91f87-bb41-4357-a5d5-a15125781dc3</ModuleName>
      <Classes />
    </Module>
    <Module skippedDueTo="MissingPdb" hash="EC-EB-0C-B7-2A-06-A8-2E-67-58-FF-C7-30-AF-90-EA-DB-3F-D9-A5">
      <FullName>C:\WINDOWS\assembly\GAC_MSIL\Microsoft.VisualStudio.Diagnostics.Measurement\12.0.0.0__b03f5f7f11d50a3a\Microsoft.VisualStudio.Diagnostics.Measurement.dll</FullName>
      <ModuleName>Microsoft.VisualStudio.Diagnostics.Measurement</ModuleName>
      <Classes />
    </Module>
    <Module skippedDueTo="MissingPdb" hash="2A-AF-F1-4F-17-70-38-B9-47-C0-95-72-84-97-C5-49-91-16-5D-53">
      <FullName>C:\Program Files (x86)\Microsoft Visual Studio 12.0\Common7\IDE\CommonExtensions\Microsoft\TestWindow\Extensions\Microsoft.VisualStudio.TestPlatform.Extensions.dll</FullName>
      <ModuleName>Microsoft.VisualStudio.TestPlatform.Extensions</ModuleName>
      <Classes />
    </Module>
    <Module skippedDueTo="MissingPdb" hash="F2-34-EF-81-79-DD-A6-D2-29-6B-7E-06-E2-9C-42-7F-EE-73-FD-46">
      <FullName>C:\Program Files (x86)\Microsoft Visual Studio 12.0\Common7\IDE\CommonExtensions\Microsoft\TestWindow\Extensions\Microsoft.VisualStudio.TestPlatform.Extensions.GenericTestAdapter.dll</FullName>
      <ModuleName>Microsoft.VisualStudio.TestPlatform.Extensions.GenericTestAdapter</ModuleName>
      <Classes />
    </Module>
    <Module skippedDueTo="MissingPdb" hash="43-C4-CD-E8-C4-F2-D3-78-D4-D7-85-25-2D-DF-A7-4F-97-BA-73-4E">
      <FullName>C:\Program Files (x86)\Microsoft Visual Studio 12.0\Common7\IDE\CommonExtensions\Microsoft\TestWindow\Extensions\Microsoft.VisualStudio.TestPlatform.Extensions.MSAppContainerAdapter.dll</FullName>
      <ModuleName>Microsoft.VisualStudio.TestPlatform.Extensions.MSAppContainerAdapter</ModuleName>
      <Classes />
    </Module>
    <Module skippedDueTo="MissingPdb" hash="0F-F6-59-47-CA-CF-EE-BB-7A-75-E3-32-7A-F4-71-62-D2-1A-68-B0">
      <FullName>C:\Program Files (x86)\Microsoft Visual Studio 12.0\Common7\IDE\CommonExtensions\Microsoft\TestWindow\Extensions\Microsoft.VisualStudio.TestPlatform.UnitTestFramework.dll</FullName>
      <ModuleName>Microsoft.VisualStudio.TestPlatform.UnitTestFramework</ModuleName>
      <Classes />
    </Module>
    <Module skippedDueTo="MissingPdb" hash="74-27-CE-1C-50-B6-F7-A1-A9-30-56-7F-52-53-35-B1-1A-D0-98-B9">
      <FullName>C:\Program Files (x86)\Microsoft Visual Studio 12.0\Common7\IDE\CommonExtensions\Microsoft\TestWindow\Extensions\Microsoft.VisualStudio.TestPlatform.Extensions.MSPhoneAdapter.dll</FullName>
      <ModuleName>Microsoft.VisualStudio.TestPlatform.Extensions.MSPhoneAdapter</ModuleName>
      <Classes />
    </Module>
    <Module skippedDueTo="MissingPdb" hash="69-0D-AC-4D-B4-54-59-DE-D5-3C-B6-40-C4-E6-88-FF-51-02-DE-3A">
      <FullName>C:\Program Files (x86)\Microsoft Visual Studio 12.0\Common7\IDE\CommonExtensions\Microsoft\TestWindow\Extensions\Microsoft.VisualStudio.TestPlatform.Extensions.OrderedTestAdapter.dll</FullName>
      <ModuleName>Microsoft.VisualStudio.TestPlatform.Extensions.OrderedTestAdapter</ModuleName>
      <Classes />
    </Module>
    <Module skippedDueTo="MissingPdb" hash="99-71-41-AC-91-88-1B-A5-A7-8E-4C-A2-DB-46-F5-D9-A3-35-4C-E4">
      <FullName>C:\Program Files (x86)\Microsoft Visual Studio 12.0\Common7\IDE\CommonExtensions\Microsoft\TestWindow\Extensions\Microsoft.VisualStudio.TestPlatform.Extensions.TfsLogger.dll</FullName>
      <ModuleName>Microsoft.VisualStudio.TestPlatform.Extensions.TfsLogger</ModuleName>
      <Classes />
    </Module>
    <Module skippedDueTo="MissingPdb" hash="22-48-03-F7-21-B3-A9-C1-DC-50-F0-AE-A9-81-AC-1A-CF-78-5F-3E">
      <FullName>C:\Program Files (x86)\Microsoft Visual Studio 12.0\Common7\IDE\CommonExtensions\Microsoft\TestWindow\Extensions\Microsoft.VisualStudio.TestPlatform.Extensions.TmiAdapter.dll</FullName>
      <ModuleName>Microsoft.VisualStudio.TestPlatform.Extensions.TmiAdapter</ModuleName>
      <Classes />
    </Module>
    <Module skippedDueTo="MissingPdb" hash="DC-F8-9B-F7-2C-08-0C-DA-07-27-F8-D5-02-E6-16-D6-41-91-92-AB">
      <FullName>C:\WINDOWS\assembly\GAC_MSIL\Microsoft.VisualStudio.QualityTools.Common\12.0.0.0__b03f5f7f11d50a3a\Microsoft.VisualStudio.QualityTools.Common.dll</FullName>
      <ModuleName>Microsoft.VisualStudio.QualityTools.Common</ModuleName>
      <Classes />
    </Module>
    <Module skippedDueTo="MissingPdb" hash="FE-44-CA-BB-43-B4-12-2D-A1-CC-82-7D-38-12-69-FC-2B-B4-4E-D3">
      <FullName>C:\Program Files (x86)\Microsoft Visual Studio 12.0\Common7\IDE\CommonExtensions\Microsoft\TestWindow\Extensions\Microsoft.VisualStudio.TestPlatform.Extensions.TrxLogger.dll</FullName>
      <ModuleName>Microsoft.VisualStudio.TestPlatform.Extensions.TrxLogger</ModuleName>
      <Classes />
    </Module>
    <Module skippedDueTo="MissingPdb" hash="54-01-51-B7-33-46-19-F1-4C-48-2C-68-35-80-2F-24-E0-63-41-84">
      <FullName>C:\Program Files (x86)\Microsoft Visual Studio 12.0\Common7\IDE\CommonExtensions\Microsoft\TestWindow\Extensions\Microsoft.VisualStudio.TestPlatform.Extensions.VSTestIntegration.dll</FullName>
      <ModuleName>Microsoft.VisualStudio.TestPlatform.Extensions.VSTestIntegration</ModuleName>
      <Classes />
    </Module>
    <Module skippedDueTo="MissingPdb" hash="B6-BE-C7-09-6A-69-79-02-C4-B3-2E-2E-B9-3D-72-09-BB-84-01-6E">
      <FullName>C:\WINDOWS\assembly\GAC_MSIL\Microsoft.VisualStudio.QualityTools.UnitTestFramework\10.0.0.0__b03f5f7f11d50a3a\Microsoft.VisualStudio.QualityTools.UnitTestFramework.dll</FullName>
      <ModuleName>Microsoft.VisualStudio.QualityTools.UnitTestFramework</ModuleName>
      <Classes />
    </Module>
    <Module skippedDueTo="Filter" hash="59-0C-18-93-DE-DC-22-20-FA-A2-77-22-6A-B9-60-0B-51-67-20-C8">
      <FullName>C:\WINDOWS\Microsoft.Net\assembly\GAC_32\System.Data\v4.0_4.0.0.0__b77a5c561934e089\System.Data.dll</FullName>
      <ModuleName>System.Data</ModuleName>
      <Classes />
    </Module>
    <Module skippedDueTo="MissingPdb" hash="47-E0-71-7A-71-73-8A-74-ED-67-A4-2E-2D-FC-DF-E5-71-84-BB-70">
      <FullName>C:\Program Files (x86)\Microsoft Visual Studio 12.0\Common7\IDE\CommonExtensions\Microsoft\TestWindow\Extensions\Microsoft.VisualStudio.TestTools.CppUnitTestFramework.ComInterfaces.dll</FullName>
      <ModuleName>Microsoft.VisualStudio.TestTools.CppUnitTestFramework.ComInterfaces</ModuleName>
      <Classes />
    </Module>
    <Module skippedDueTo="MissingPdb" hash="CC-A6-78-0A-8A-B6-B7-C5-81-69-21-E8-E0-E2-2D-B1-79-29-92-04">
      <FullName>C:\Program Files (x86)\Microsoft Visual Studio 12.0\Common7\IDE\CommonExtensions\Microsoft\TestWindow\Extensions\Microsoft.VisualStudio.TestTools.CppUnitTestFramework.CppPhoneUnitTestExtension.dll</FullName>
      <ModuleName>Microsoft.VisualStudio.TestTools.CppUnitTestFramework.CppPhoneUnitTestExtension</ModuleName>
      <Classes />
    </Module>
    <Module skippedDueTo="MissingPdb" hash="05-85-6C-E2-56-69-E3-16-5E-B3-FF-51-8F-E0-36-DE-4F-BC-AE-80">
      <FullName>C:\Program Files (x86)\Microsoft Visual Studio 12.0\Common7\IDE\CommonExtensions\Microsoft\TestWindow\Extensions\Microsoft.VisualStudio.TestTools.CppUnitTestFramework.CppUnitTestExtension.dll</FullName>
      <ModuleName>Microsoft.VisualStudio.TestTools.CppUnitTestFramework.CppUnitTestExtension</ModuleName>
      <Classes />
    </Module>
    <Module skippedDueTo="MissingPdb" hash="33-5C-87-81-C2-81-7C-51-9C-25-9F-90-6D-C9-17-93-79-13-E6-74">
      <FullName>C:\WINDOWS\Microsoft.Net\assembly\GAC_MSIL\SMDiagnostics\v4.0_4.0.0.0__b77a5c561934e089\SMDiagnostics.dll</FullName>
      <ModuleName>SMDiagnostics</ModuleName>
      <Classes />
    </Module>
    <Module skippedDueTo="MissingPdb" hash="">
      <FullName>RefEmit_InMemoryManifestModule</FullName>
      <ModuleName>MetadataViewProxies_48f91f87-bb41-4357-a5d5-a15125781dc3</ModuleName>
      <Classes />
    </Module>
    <Module skippedDueTo="MissingPdb" hash="86-AC-D6-5D-91-9A-F3-AA-B4-32-E5-5F-5B-BE-B0-02-78-F5-FD-44">
      <FullName>C:\Program Files (x86)\Microsoft Visual Studio 12.0\Common7\IDE\CommonExtensions\Microsoft\TestWindow\Microsoft.VisualStudio.TestPlatform.ObjectModel.dll</FullName>
      <ModuleName>Microsoft.VisualStudio.TestPlatform.ObjectModel</ModuleName>
      <Classes />
    </Module>
    <Module hash="8C-FA-42-66-9D-48-FB-D7-0C-BB-6D-2F-F3-20-7D-30-98-85-95-BC">
      <Summary numSequencePoints="90" visitedSequencePoints="90" numBranchPoints="15" visitedBranchPoints="15" sequenceCoverage="100" branchCoverage="100" maxCyclomaticComplexity="3" minCyclomaticComplexity="1" visitedClasses="2" numClasses="2" visitedMethods="15" numMethods="15" />
      <FullName>E:\GitHub\MvcRefactorTest\MvcRefactorTest.Tests\bin\Debug\MvcRefactorTest.Tests.dll</FullName>
      <ModuleName>MvcRefactorTest.Tests</ModuleName>
      <Files>
        <File uid="1" fullPath="e:\GitHub\MvcRefactorTest\MvcRefactorTest.Tests\BL\UserServiceTest.cs" />
        <File uid="2" fullPath="e:\GitHub\MvcRefactorTest\MvcRefactorTest.Tests\DAL\DALTestcs.cs" />
      </Files>
      <Classes>
        <Class>
          <Summary numSequencePoints="0" visitedSequencePoints="0" numBranchPoints="0" visitedBranchPoints="0" sequenceCoverage="0" branchCoverage="0" maxCyclomaticComplexity="0" minCyclomaticComplexity="0" visitedClasses="0" numClasses="0" visitedMethods="0" numMethods="0" />
          <FullName>&lt;Module&gt;</FullName>
          <Methods />
        </Class>
        <Class>
          <Summary numSequencePoints="36" visitedSequencePoints="36" numBranchPoints="6" visitedBranchPoints="6" sequenceCoverage="100" branchCoverage="100" maxCyclomaticComplexity="3" minCyclomaticComplexity="1" visitedClasses="1" numClasses="1" visitedMethods="6" numMethods="6" />
          <FullName>MvcRefactorTest.Tests.BL.UserRepositoryTest</FullName>
          <Methods>
            <Method visited="true" cyclomaticComplexity="1" sequenceCoverage="100" branchCoverage="100" isConstructor="false" isStatic="true" isGetter="false" isSetter="false">
              <Summary numSequencePoints="5" visitedSequencePoints="5" numBranchPoints="1" visitedBranchPoints="1" sequenceCoverage="100" branchCoverage="100" maxCyclomaticComplexity="1" minCyclomaticComplexity="1" visitedClasses="0" numClasses="0" visitedMethods="1" numMethods="1" />
              <MetadataToken>100663297</MetadataToken>
              <Name>System.Void MvcRefactorTest.Tests.BL.UserRepositoryTest::InitializeUnitTests(System.Collections.Generic.IList`1&lt;MvcRefactorTest.Domain.User&gt;&amp;,MvcRefactorTest.Domain.User&amp;,Moq.Mock`1&lt;MvcRefactorTest.DAL.Interface.IUserRepository&gt;&amp;)</Name>
              <FileRef uid="1" />
              <SequencePoints>
                <SequencePoint vc="3" uspid="1" ordinal="0" offset="0" sl="28" sc="9" el="28" ec="10" bec="0" bev="0" fileid="1" />
                <SequencePoint vc="3" uspid="2" ordinal="1" offset="1" sl="30" sc="13" el="35" ec="15" bec="0" bev="0" fileid="1" />
                <SequencePoint vc="3" uspid="3" ordinal="2" offset="208" sl="37" sc="13" el="37" ec="120" bec="0" bev="0" fileid="1" />
                <SequencePoint vc="3" uspid="4" ordinal="3" offset="276" sl="39" sc="13" el="39" ec="62" bec="0" bev="0" fileid="1" />
                <SequencePoint vc="3" uspid="5" ordinal="4" offset="283" sl="40" sc="9" el="40" ec="10" bec="0" bev="0" fileid="1" />
              </SequencePoints>
              <BranchPoints />
              <MethodPoint xsi:type="SequencePoint" vc="3" uspid="1" ordinal="0" offset="0" sl="28" sc="9" el="28" ec="10" bec="0" bev="0" fileid="1" />
            </Method>
            <Method visited="true" cyclomaticComplexity="3" sequenceCoverage="100" branchCoverage="100" isConstructor="false" isStatic="false" isGetter="false" isSetter="false">
              <Summary numSequencePoints="10" visitedSequencePoints="10" numBranchPoints="1" visitedBranchPoints="1" sequenceCoverage="100" branchCoverage="100" maxCyclomaticComplexity="3" minCyclomaticComplexity="3" visitedClasses="0" numClasses="0" visitedMethods="1" numMethods="1" />
              <MetadataToken>100663298</MetadataToken>
              <Name>System.Void MvcRefactorTest.Tests.BL.UserRepositoryTest::GetAllsUersTest()</Name>
              <FileRef uid="1" />
              <SequencePoints>
                <SequencePoint vc="1" uspid="6" ordinal="0" offset="0" sl="48" sc="9" el="48" ec="10" bec="0" bev="0" fileid="1" />
                <SequencePoint vc="1" uspid="7" ordinal="1" offset="1" sl="49" sc="13" el="49" ec="87" bec="0" bev="0" fileid="1" />
                <SequencePoint vc="1" uspid="8" ordinal="2" offset="25" sl="52" sc="13" el="52" ec="90" bec="0" bev="0" fileid="1" />
                <SequencePoint vc="1" uspid="9" ordinal="3" offset="155" sl="55" sc="13" el="55" ec="70" bec="0" bev="0" fileid="1" />
                <SequencePoint vc="1" uspid="10" ordinal="4" offset="172" sl="57" sc="13" el="57" ec="60" bec="0" bev="0" fileid="1" />
                <SequencePoint vc="1" uspid="11" ordinal="5" offset="181" sl="60" sc="13" el="60" ec="44" bec="0" bev="0" fileid="1" />
                <SequencePoint vc="1" uspid="12" ordinal="6" offset="189" sl="61" sc="13" el="61" ec="48" bec="0" bev="0" fileid="1" />
                <SequencePoint vc="1" uspid="13" ordinal="7" offset="202" sl="62" sc="13" el="62" ec="48" bec="0" bev="0" fileid="1" />
                <SequencePoint vc="1" uspid="14" ordinal="8" offset="210" sl="63" sc="13" el="64" ec="106" bec="0" bev="0" fileid="1" />
                <SequencePoint vc="1" uspid="15" ordinal="9" offset="295" sl="65" sc="9" el="65" ec="10" bec="0" bev="0" fileid="1" />
              </SequencePoints>
              <BranchPoints />
              <MethodPoint xsi:type="SequencePoint" vc="1" uspid="6" ordinal="0" offset="0" sl="48" sc="9" el="48" ec="10" bec="0" bev="0" fileid="1" />
            </Method>
            <Method visited="true" cyclomaticComplexity="1" sequenceCoverage="100" branchCoverage="100" isConstructor="false" isStatic="false" isGetter="false" isSetter="false">
              <Summary numSequencePoints="10" visitedSequencePoints="10" numBranchPoints="1" visitedBranchPoints="1" sequenceCoverage="100" branchCoverage="100" maxCyclomaticComplexity="1" minCyclomaticComplexity="1" visitedClasses="0" numClasses="0" visitedMethods="1" numMethods="1" />
              <MetadataToken>100663299</MetadataToken>
              <Name>System.Void MvcRefactorTest.Tests.BL.UserRepositoryTest::GetUserByIdTest()</Name>
              <FileRef uid="1" />
              <SequencePoints>
                <SequencePoint vc="1" uspid="20" ordinal="0" offset="0" sl="69" sc="9" el="69" ec="10" bec="0" bev="0" fileid="1" />
                <SequencePoint vc="1" uspid="21" ordinal="1" offset="1" sl="70" sc="13" el="70" ec="87" bec="0" bev="0" fileid="1" />
                <SequencePoint vc="1" uspid="22" ordinal="2" offset="25" sl="73" sc="13" el="73" ec="104" bec="0" bev="0" fileid="1" />
                <SequencePoint vc="1" uspid="23" ordinal="3" offset="186" sl="76" sc="13" el="76" ec="70" bec="0" bev="0" fileid="1" />
                <SequencePoint vc="1" uspid="24" ordinal="4" offset="203" sl="78" sc="13" el="78" ec="61" bec="0" bev="0" fileid="1" />
                <SequencePoint vc="1" uspid="25" ordinal="5" offset="213" sl="81" sc="13" el="81" ec="44" bec="0" bev="0" fileid="1" />
                <SequencePoint vc="1" uspid="26" ordinal="6" offset="221" sl="82" sc="13" el="82" ec="59" bec="0" bev="0" fileid="1" />
                <SequencePoint vc="1" uspid="27" ordinal="7" offset="238" sl="83" sc="13" el="83" ec="64" bec="0" bev="0" fileid="1" />
                <SequencePoint vc="1" uspid="28" ordinal="8" offset="255" sl="84" sc="13" el="84" ec="45" bec="0" bev="0" fileid="1" />
                <SequencePoint vc="1" uspid="29" ordinal="9" offset="268" sl="85" sc="9" el="85" ec="10" bec="0" bev="0" fileid="1" />
              </SequencePoints>
              <BranchPoints />
              <MethodPoint xsi:type="SequencePoint" vc="1" uspid="20" ordinal="0" offset="0" sl="69" sc="9" el="69" ec="10" bec="0" bev="0" fileid="1" />
            </Method>
            <Method visited="true" cyclomaticComplexity="1" sequenceCoverage="100" branchCoverage="100" isConstructor="false" isStatic="false" isGetter="false" isSetter="false">
              <Summary numSequencePoints="9" visitedSequencePoints="9" numBranchPoints="1" visitedBranchPoints="1" sequenceCoverage="100" branchCoverage="100" maxCyclomaticComplexity="1" minCyclomaticComplexity="1" visitedClasses="0" numClasses="0" visitedMethods="1" numMethods="1" />
              <MetadataToken>100663300</MetadataToken>
              <Name>System.Void MvcRefactorTest.Tests.BL.UserRepositoryTest::GetUserByNameTest()</Name>
              <FileRef uid="1" />
              <SequencePoints>
                <SequencePoint vc="1" uspid="30" ordinal="0" offset="0" sl="89" sc="9" el="89" ec="10" bec="0" bev="0" fileid="1" />
                <SequencePoint vc="1" uspid="31" ordinal="1" offset="1" sl="90" sc="13" el="90" ec="87" bec="0" bev="0" fileid="1" />
                <SequencePoint vc="1" uspid="32" ordinal="2" offset="25" sl="93" sc="13" el="93" ec="107" bec="0" bev="0" fileid="1" />
                <SequencePoint vc="1" uspid="33" ordinal="3" offset="186" sl="96" sc="13" el="96" ec="70" bec="0" bev="0" fileid="1" />
                <SequencePoint vc="1" uspid="34" ordinal="4" offset="203" sl="98" sc="13" el="98" ec="75" bec="0" bev="0" fileid="1" />
                <SequencePoint vc="1" uspid="35" ordinal="5" offset="217" sl="101" sc="13" el="101" ec="44" bec="0" bev="0" fileid="1" />
                <SequencePoint vc="1" uspid="36" ordinal="6" offset="225" sl="102" sc="13" el="102" ec="64" bec="0" bev="0" fileid="1" />
                <SequencePoint vc="1" uspid="37" ordinal="7" offset="242" sl="103" sc="13" el="103" ec="59" bec="0" bev="0" fileid="1" />
                <SequencePoint vc="1" uspid="38" ordinal="8" offset="259" sl="104" sc="9" el="104" ec="10" bec="0" bev="0" fileid="1" />
              </SequencePoints>
              <BranchPoints />
              <MethodPoint xsi:type="SequencePoint" vc="1" uspid="30" ordinal="0" offset="0" sl="89" sc="9" el="89" ec="10" bec="0" bev="0" fileid="1" />
            </Method>
            <Method visited="true" cyclomaticComplexity="1" sequenceCoverage="0" branchCoverage="0" isConstructor="true" isStatic="false" isGetter="false" isSetter="false">
              <Summary numSequencePoints="0" visitedSequencePoints="0" numBranchPoints="0" visitedBranchPoints="0" sequenceCoverage="0" branchCoverage="0" maxCyclomaticComplexity="1" minCyclomaticComplexity="1" visitedClasses="0" numClasses="0" visitedMethods="0" numMethods="0" />
              <MetadataToken>100663301</MetadataToken>
              <Name>System.Void MvcRefactorTest.Tests.BL.UserRepositoryTest::.ctor()</Name>
              <SequencePoints />
              <BranchPoints />
              <MethodPoint vc="3" uspid="39" ordinal="0" offset="0" />
            </Method>
            <Method visited="true" cyclomaticComplexity="1" sequenceCoverage="100" branchCoverage="100" isConstructor="false" isStatic="true" isGetter="false" isSetter="false">
              <Summary numSequencePoints="1" visitedSequencePoints="1" numBranchPoints="1" visitedBranchPoints="1" sequenceCoverage="100" branchCoverage="100" maxCyclomaticComplexity="1" minCyclomaticComplexity="1" visitedClasses="0" numClasses="0" visitedMethods="1" numMethods="1" />
              <MetadataToken>100663302</MetadataToken>
              <Name>System.Boolean MvcRefactorTest.Tests.BL.UserRepositoryTest::&lt;GetAllsUersTest&gt;b__5(MvcRefactorTest.Domain.User)</Name>
              <FileRef uid="1" />
              <SequencePoints>
                <SequencePoint vc="3" uspid="40" ordinal="0" offset="0" sl="64" sc="37" el="64" ec="60" bec="0" bev="0" fileid="1" />
              </SequencePoints>
              <BranchPoints />
              <MethodPoint xsi:type="SequencePoint" vc="3" uspid="40" ordinal="0" offset="0" sl="64" sc="37" el="64" ec="60" bec="0" bev="0" fileid="1" />
            </Method>
            <Method visited="true" cyclomaticComplexity="1" sequenceCoverage="100" branchCoverage="100" isConstructor="false" isStatic="true" isGetter="false" isSetter="false">
              <Summary numSequencePoints="1" visitedSequencePoints="1" numBranchPoints="1" visitedBranchPoints="1" sequenceCoverage="100" branchCoverage="100" maxCyclomaticComplexity="1" minCyclomaticComplexity="1" visitedClasses="0" numClasses="0" visitedMethods="1" numMethods="1" />
              <MetadataToken>100663303</MetadataToken>
              <Name>System.Boolean MvcRefactorTest.Tests.BL.UserRepositoryTest::&lt;GetAllsUersTest&gt;b__6(MvcRefactorTest.Domain.User)</Name>
              <FileRef uid="1" />
              <SequencePoints>
                <SequencePoint vc="1" uspid="41" ordinal="0" offset="0" sl="64" sc="74" el="64" ec="85" bec="0" bev="0" fileid="1" />
              </SequencePoints>
              <BranchPoints />
              <MethodPoint xsi:type="SequencePoint" vc="1" uspid="41" ordinal="0" offset="0" sl="64" sc="74" el="64" ec="85" bec="0" bev="0" fileid="1" />
            </Method>
          </Methods>
        </Class>
        <Class>
          <Summary numSequencePoints="0" visitedSequencePoints="0" numBranchPoints="0" visitedBranchPoints="0" sequenceCoverage="0" branchCoverage="0" maxCyclomaticComplexity="1" minCyclomaticComplexity="1" visitedClasses="0" numClasses="0" visitedMethods="0" numMethods="0" />
          <FullName>MvcRefactorTest.Tests.Controllers.AccountControllerTest</FullName>
          <Methods>
            <Method visited="false" cyclomaticComplexity="1" sequenceCoverage="0" branchCoverage="0" isConstructor="true" isStatic="false" isGetter="false" isSetter="false">
              <Summary numSequencePoints="0" visitedSequencePoints="0" numBranchPoints="0" visitedBranchPoints="0" sequenceCoverage="0" branchCoverage="0" maxCyclomaticComplexity="1" minCyclomaticComplexity="1" visitedClasses="0" numClasses="0" visitedMethods="0" numMethods="0" />
              <MetadataToken>100663304</MetadataToken>
              <Name>System.Void MvcRefactorTest.Tests.Controllers.AccountControllerTest::.ctor()</Name>
              <SequencePoints />
              <BranchPoints />
              <MethodPoint vc="0" uspid="42" ordinal="0" offset="0" />
            </Method>
          </Methods>
        </Class>
        <Class>
          <Summary numSequencePoints="54" visitedSequencePoints="54" numBranchPoints="9" visitedBranchPoints="9" sequenceCoverage="100" branchCoverage="100" maxCyclomaticComplexity="3" minCyclomaticComplexity="1" visitedClasses="1" numClasses="1" visitedMethods="9" numMethods="9" />
          <FullName>MvcRefactorTest.Tests.DAL.DALTestcs</FullName>
          <Methods>
            <Method visited="true" cyclomaticComplexity="3" sequenceCoverage="100" branchCoverage="100" isConstructor="false" isStatic="false" isGetter="false" isSetter="false">
              <Summary numSequencePoints="10" visitedSequencePoints="10" numBranchPoints="1" visitedBranchPoints="1" sequenceCoverage="100" branchCoverage="100" maxCyclomaticComplexity="3" minCyclomaticComplexity="3" visitedClasses="0" numClasses="0" visitedMethods="1" numMethods="1" />
              <MetadataToken>100663305</MetadataToken>
              <Name>System.Void MvcRefactorTest.Tests.DAL.DALTestcs::GetAllsUersTest()</Name>
              <FileRef uid="2" />
              <SequencePoints>
                <SequencePoint vc="1" uspid="43" ordinal="0" offset="0" sl="15" sc="9" el="15" ec="10" bec="0" bev="0" fileid="2" />
                <SequencePoint vc="1" uspid="44" ordinal="1" offset="1" sl="16" sc="13" el="16" ec="87" bec="0" bev="0" fileid="2" />
                <SequencePoint vc="1" uspid="45" ordinal="2" offset="26" sl="19" sc="13" el="19" ec="90" bec="0" bev="0" fileid="2" />
                <SequencePoint vc="1" uspid="46" ordinal="3" offset="156" sl="22" sc="13" el="22" ec="53" bec="0" bev="0" fileid="2" />
                <SequencePoint vc="1" uspid="47" ordinal="4" offset="168" sl="24" sc="13" el="24" ec="60" bec="0" bev="0" fileid="2" />
                <SequencePoint vc="1" uspid="48" ordinal="5" offset="177" sl="27" sc="13" el="27" ec="44" bec="0" bev="0" fileid="2" />
                <SequencePoint vc="1" uspid="49" ordinal="6" offset="185" sl="28" sc="13" el="28" ec="48" bec="0" bev="0" fileid="2" />
                <SequencePoint vc="1" uspid="50" ordinal="7" offset="198" sl="29" sc="13" el="29" ec="48" bec="0" bev="0" fileid="2" />
                <SequencePoint vc="1" uspid="51" ordinal="8" offset="206" sl="30" sc="13" el="31" ec="106" bec="0" bev="0" fileid="2" />
                <SequencePoint vc="1" uspid="52" ordinal="9" offset="291" sl="32" sc="9" el="32" ec="10" bec="0" bev="0" fileid="2" />
              </SequencePoints>
              <BranchPoints />
              <MethodPoint xsi:type="SequencePoint" vc="1" uspid="43" ordinal="0" offset="0" sl="15" sc="9" el="15" ec="10" bec="0" bev="0" fileid="2" />
            </Method>
            <Method visited="true" cyclomaticComplexity="1" sequenceCoverage="100" branchCoverage="100" isConstructor="false" isStatic="false" isGetter="false" isSetter="false">
              <Summary numSequencePoints="10" visitedSequencePoints="10" numBranchPoints="1" visitedBranchPoints="1" sequenceCoverage="100" branchCoverage="100" maxCyclomaticComplexity="1" minCyclomaticComplexity="1" visitedClasses="0" numClasses="0" visitedMethods="1" numMethods="1" />
              <MetadataToken>100663306</MetadataToken>
              <Name>System.Void MvcRefactorTest.Tests.DAL.DALTestcs::GetUserByIdTest()</Name>
              <FileRef uid="2" />
              <SequencePoints>
                <SequencePoint vc="1" uspid="57" ordinal="0" offset="0" sl="36" sc="9" el="36" ec="10" bec="0" bev="0" fileid="2" />
                <SequencePoint vc="1" uspid="58" ordinal="1" offset="1" sl="37" sc="13" el="37" ec="87" bec="0" bev="0" fileid="2" />
                <SequencePoint vc="1" uspid="59" ordinal="2" offset="26" sl="40" sc="13" el="40" ec="104" bec="0" bev="0" fileid="2" />
                <SequencePoint vc="1" uspid="60" ordinal="3" offset="187" sl="43" sc="13" el="43" ec="53" bec="0" bev="0" fileid="2" />
                <SequencePoint vc="1" uspid="61" ordinal="4" offset="199" sl="45" sc="13" el="45" ec="61" bec="0" bev="0" fileid="2" />
                <SequencePoint vc="1" uspid="62" ordinal="5" offset="209" sl="48" sc="13" el="48" ec="44" bec="0" bev="0" fileid="2" />
                <SequencePoint vc="1" uspid="63" ordinal="6" offset="217" sl="49" sc="13" el="49" ec="59" bec="0" bev="0" fileid="2" />
                <SequencePoint vc="1" uspid="64" ordinal="7" offset="234" sl="50" sc="13" el="50" ec="64" bec="0" bev="0" fileid="2" />
                <SequencePoint vc="1" uspid="65" ordinal="8" offset="251" sl="51" sc="13" el="51" ec="45" bec="0" bev="0" fileid="2" />
                <SequencePoint vc="1" uspid="66" ordinal="9" offset="264" sl="52" sc="9" el="52" ec="10" bec="0" bev="0" fileid="2" />
              </SequencePoints>
              <BranchPoints />
              <MethodPoint xsi:type="SequencePoint" vc="1" uspid="57" ordinal="0" offset="0" sl="36" sc="9" el="36" ec="10" bec="0" bev="0" fileid="2" />
            </Method>
            <Method visited="true" cyclomaticComplexity="1" sequenceCoverage="100" branchCoverage="100" isConstructor="false" isStatic="false" isGetter="false" isSetter="false">
              <Summary numSequencePoints="9" visitedSequencePoints="9" numBranchPoints="1" visitedBranchPoints="1" sequenceCoverage="100" branchCoverage="100" maxCyclomaticComplexity="1" minCyclomaticComplexity="1" visitedClasses="0" numClasses="0" visitedMethods="1" numMethods="1" />
              <MetadataToken>100663307</MetadataToken>
              <Name>System.Void MvcRefactorTest.Tests.DAL.DALTestcs::GetUserByNameTest()</Name>
              <FileRef uid="2" />
              <SequencePoints>
                <SequencePoint vc="1" uspid="67" ordinal="0" offset="0" sl="56" sc="9" el="56" ec="10" bec="0" bev="0" fileid="2" />
                <SequencePoint vc="1" uspid="68" ordinal="1" offset="1" sl="57" sc="13" el="57" ec="87" bec="0" bev="0" fileid="2" />
                <SequencePoint vc="1" uspid="69" ordinal="2" offset="26" sl="60" sc="13" el="60" ec="107" bec="0" bev="0" fileid="2" />
                <SequencePoint vc="1" uspid="70" ordinal="3" offset="187" sl="63" sc="13" el="63" ec="53" bec="0" bev="0" fileid="2" />
                <SequencePoint vc="1" uspid="71" ordinal="4" offset="199" sl="65" sc="13" el="65" ec="75" bec="0" bev="0" fileid="2" />
                <SequencePoint vc="1" uspid="72" ordinal="5" offset="213" sl="68" sc="13" el="68" ec="44" bec="0" bev="0" fileid="2" />
                <SequencePoint vc="1" uspid="73" ordinal="6" offset="221" sl="69" sc="13" el="69" ec="64" bec="0" bev="0" fileid="2" />
                <SequencePoint vc="1" uspid="74" ordinal="7" offset="238" sl="70" sc="13" el="70" ec="59" bec="0" bev="0" fileid="2" />
                <SequencePoint vc="1" uspid="75" ordinal="8" offset="255" sl="71" sc="9" el="71" ec="10" bec="0" bev="0" fileid="2" />
              </SequencePoints>
              <BranchPoints />
              <MethodPoint xsi:type="SequencePoint" vc="1" uspid="67" ordinal="0" offset="0" sl="56" sc="9" el="56" ec="10" bec="0" bev="0" fileid="2" />
            </Method>
            <Method visited="true" cyclomaticComplexity="2" sequenceCoverage="100" branchCoverage="100" isConstructor="false" isStatic="false" isGetter="false" isSetter="false">
              <Summary numSequencePoints="8" visitedSequencePoints="8" numBranchPoints="1" visitedBranchPoints="1" sequenceCoverage="100" branchCoverage="100" maxCyclomaticComplexity="2" minCyclomaticComplexity="2" visitedClasses="0" numClasses="0" visitedMethods="1" numMethods="1" />
              <MetadataToken>100663308</MetadataToken>
              <Name>System.Void MvcRefactorTest.Tests.DAL.DALTestcs::GetAllActiveUsersBy()</Name>
              <FileRef uid="2" />
              <SequencePoints>
                <SequencePoint vc="1" uspid="76" ordinal="0" offset="0" sl="75" sc="9" el="75" ec="10" bec="0" bev="0" fileid="2" />
                <SequencePoint vc="1" uspid="77" ordinal="1" offset="1" sl="76" sc="13" el="76" ec="87" bec="0" bev="0" fileid="2" />
                <SequencePoint vc="1" uspid="78" ordinal="2" offset="26" sl="79" sc="13" el="79" ec="110" bec="0" bev="0" fileid="2" />
                <SequencePoint vc="1" uspid="79" ordinal="3" offset="187" sl="82" sc="13" el="82" ec="53" bec="0" bev="0" fileid="2" />
                <SequencePoint vc="1" uspid="80" ordinal="4" offset="199" sl="84" sc="13" el="84" ec="72" bec="0" bev="0" fileid="2" />
                <SequencePoint vc="1" uspid="81" ordinal="5" offset="209" sl="87" sc="13" el="87" ec="44" bec="0" bev="0" fileid="2" />
                <SequencePoint vc="1" uspid="82" ordinal="6" offset="217" sl="88" sc="13" el="88" ec="82" bec="0" bev="0" fileid="2" />
                <SequencePoint vc="1" uspid="83" ordinal="7" offset="266" sl="89" sc="9" el="89" ec="10" bec="0" bev="0" fileid="2" />
              </SequencePoints>
              <BranchPoints />
              <MethodPoint xsi:type="SequencePoint" vc="1" uspid="76" ordinal="0" offset="0" sl="75" sc="9" el="75" ec="10" bec="0" bev="0" fileid="2" />
            </Method>
            <Method visited="true" cyclomaticComplexity="1" sequenceCoverage="100" branchCoverage="100" isConstructor="false" isStatic="false" isGetter="false" isSetter="false">
              <Summary numSequencePoints="8" visitedSequencePoints="8" numBranchPoints="1" visitedBranchPoints="1" sequenceCoverage="100" branchCoverage="100" maxCyclomaticComplexity="1" minCyclomaticComplexity="1" visitedClasses="0" numClasses="0" visitedMethods="1" numMethods="1" />
              <MetadataToken>100663309</MetadataToken>
              <Name>System.Void MvcRefactorTest.Tests.DAL.DALTestcs::ValidateUser()</Name>
              <FileRef uid="2" />
              <SequencePoints>
                <SequencePoint vc="1" uspid="86" ordinal="0" offset="0" sl="93" sc="9" el="93" ec="10" bec="0" bev="0" fileid="2" />
                <SequencePoint vc="1" uspid="87" ordinal="1" offset="1" sl="94" sc="13" el="94" ec="93" bec="0" bev="0" fileid="2" />
                <SequencePoint vc="1" uspid="88" ordinal="2" offset="26" sl="97" sc="13" el="98" ec="32" bec="0" bev="0" fileid="2" />
                <SequencePoint vc="1" uspid="89" ordinal="3" offset="198" sl="101" sc="13" el="101" ec="53" bec="0" bev="0" fileid="2" />
                <SequencePoint vc="1" uspid="90" ordinal="4" offset="210" sl="103" sc="13" el="103" ec="94" bec="0" bev="0" fileid="2" />
                <SequencePoint vc="1" uspid="91" ordinal="5" offset="229" sl="106" sc="13" el="106" ec="44" bec="0" bev="0" fileid="2" />
                <SequencePoint vc="1" uspid="92" ordinal="6" offset="237" sl="107" sc="13" el="107" ec="44" bec="0" bev="0" fileid="2" />
                <SequencePoint vc="1" uspid="93" ordinal="7" offset="245" sl="108" sc="9" el="108" ec="10" bec="0" bev="0" fileid="2" />
              </SequencePoints>
              <BranchPoints />
              <MethodPoint xsi:type="SequencePoint" vc="1" uspid="86" ordinal="0" offset="0" sl="93" sc="9" el="93" ec="10" bec="0" bev="0" fileid="2" />
            </Method>
            <Method visited="true" cyclomaticComplexity="1" sequenceCoverage="100" branchCoverage="100" isConstructor="false" isStatic="true" isGetter="false" isSetter="false">
              <Summary numSequencePoints="6" visitedSequencePoints="6" numBranchPoints="1" visitedBranchPoints="1" sequenceCoverage="100" branchCoverage="100" maxCyclomaticComplexity="1" minCyclomaticComplexity="1" visitedClasses="0" numClasses="0" visitedMethods="1" numMethods="1" />
              <MetadataToken>100663310</MetadataToken>
              <Name>System.Void MvcRefactorTest.Tests.DAL.DALTestcs::InitializeUnitTests(System.Collections.Generic.IList`1&lt;MvcRefactorTest.Domain.User&gt;&amp;,MvcRefactorTest.Domain.User&amp;,Moq.Mock`1&lt;MvcRefactorTest.DAL.Interface.IUserRepository&gt;&amp;,System.Boolean)</Name>
              <FileRef uid="2" />
              <SequencePoints>
                <SequencePoint vc="5" uspid="94" ordinal="0" offset="0" sl="124" sc="9" el="124" ec="10" bec="0" bev="0" fileid="2" />
                <SequencePoint vc="5" uspid="95" ordinal="1" offset="1" sl="126" sc="13" el="131" ec="15" bec="0" bev="0" fileid="2" />
                <SequencePoint vc="5" uspid="96" ordinal="2" offset="208" sl="133" sc="13" el="133" ec="120" bec="0" bev="0" fileid="2" />
                <SequencePoint vc="5" uspid="97" ordinal="3" offset="276" sl="135" sc="13" el="135" ec="32" bec="0" bev="0" fileid="2" />
                <SequencePoint vc="5" uspid="98" ordinal="4" offset="282" sl="137" sc="13" el="137" ec="62" bec="0" bev="0" fileid="2" />
                <SequencePoint vc="5" uspid="99" ordinal="5" offset="289" sl="138" sc="9" el="138" ec="10" bec="0" bev="0" fileid="2" />
              </SequencePoints>
              <BranchPoints />
              <MethodPoint xsi:type="SequencePoint" vc="5" uspid="94" ordinal="0" offset="0" sl="124" sc="9" el="124" ec="10" bec="0" bev="0" fileid="2" />
            </Method>
            <Method visited="true" cyclomaticComplexity="1" sequenceCoverage="0" branchCoverage="0" isConstructor="true" isStatic="false" isGetter="false" isSetter="false">
              <Summary numSequencePoints="0" visitedSequencePoints="0" numBranchPoints="0" visitedBranchPoints="0" sequenceCoverage="0" branchCoverage="0" maxCyclomaticComplexity="1" minCyclomaticComplexity="1" visitedClasses="0" numClasses="0" visitedMethods="0" numMethods="0" />
              <MetadataToken>100663311</MetadataToken>
              <Name>System.Void MvcRefactorTest.Tests.DAL.DALTestcs::.ctor()</Name>
              <SequencePoints />
              <BranchPoints />
              <MethodPoint vc="5" uspid="100" ordinal="0" offset="0" />
            </Method>
            <Method visited="true" cyclomaticComplexity="1" sequenceCoverage="100" branchCoverage="100" isConstructor="false" isStatic="true" isGetter="false" isSetter="false">
              <Summary numSequencePoints="1" visitedSequencePoints="1" numBranchPoints="1" visitedBranchPoints="1" sequenceCoverage="100" branchCoverage="100" maxCyclomaticComplexity="1" minCyclomaticComplexity="1" visitedClasses="0" numClasses="0" visitedMethods="1" numMethods="1" />
              <MetadataToken>100663312</MetadataToken>
              <Name>System.Boolean MvcRefactorTest.Tests.DAL.DALTestcs::&lt;GetAllsUersTest&gt;b__0(MvcRefactorTest.Domain.User)</Name>
              <FileRef uid="2" />
              <SequencePoints>
                <SequencePoint vc="3" uspid="101" ordinal="0" offset="0" sl="31" sc="37" el="31" ec="60" bec="0" bev="0" fileid="2" />
              </SequencePoints>
              <BranchPoints />
              <MethodPoint xsi:type="SequencePoint" vc="3" uspid="101" ordinal="0" offset="0" sl="31" sc="37" el="31" ec="60" bec="0" bev="0" fileid="2" />
            </Method>
            <Method visited="true" cyclomaticComplexity="1" sequenceCoverage="100" branchCoverage="100" isConstructor="false" isStatic="true" isGetter="false" isSetter="false">
              <Summary numSequencePoints="1" visitedSequencePoints="1" numBranchPoints="1" visitedBranchPoints="1" sequenceCoverage="100" branchCoverage="100" maxCyclomaticComplexity="1" minCyclomaticComplexity="1" visitedClasses="0" numClasses="0" visitedMethods="1" numMethods="1" />
              <MetadataToken>100663313</MetadataToken>
              <Name>System.Boolean MvcRefactorTest.Tests.DAL.DALTestcs::&lt;GetAllsUersTest&gt;b__1(MvcRefactorTest.Domain.User)</Name>
              <FileRef uid="2" />
              <SequencePoints>
                <SequencePoint vc="1" uspid="102" ordinal="0" offset="0" sl="31" sc="74" el="31" ec="85" bec="0" bev="0" fileid="2" />
              </SequencePoints>
              <BranchPoints />
              <MethodPoint xsi:type="SequencePoint" vc="1" uspid="102" ordinal="0" offset="0" sl="31" sc="74" el="31" ec="85" bec="0" bev="0" fileid="2" />
            </Method>
            <Method visited="true" cyclomaticComplexity="1" sequenceCoverage="100" branchCoverage="100" isConstructor="false" isStatic="true" isGetter="false" isSetter="false">
              <Summary numSequencePoints="1" visitedSequencePoints="1" numBranchPoints="1" visitedBranchPoints="1" sequenceCoverage="100" branchCoverage="100" maxCyclomaticComplexity="1" minCyclomaticComplexity="1" visitedClasses="0" numClasses="0" visitedMethods="1" numMethods="1" />
              <MetadataToken>100663314</MetadataToken>
              <Name>System.Boolean MvcRefactorTest.Tests.DAL.DALTestcs::&lt;GetAllActiveUsersBy&gt;b__4(MvcRefactorTest.Domain.User)</Name>
              <FileRef uid="2" />
              <SequencePoints>
                <SequencePoint vc="3" uspid="103" ordinal="0" offset="0" sl="88" sc="60" el="88" ec="71" bec="0" bev="0" fileid="2" />
              </SequencePoints>
              <BranchPoints />
              <MethodPoint xsi:type="SequencePoint" vc="3" uspid="103" ordinal="0" offset="0" sl="88" sc="60" el="88" ec="71" bec="0" bev="0" fileid="2" />
            </Method>
          </Methods>
        </Class>
        <Class>
          <Summary numSequencePoints="0" visitedSequencePoints="0" numBranchPoints="0" visitedBranchPoints="0" sequenceCoverage="0" branchCoverage="0" maxCyclomaticComplexity="1" minCyclomaticComplexity="1" visitedClasses="0" numClasses="0" visitedMethods="0" numMethods="0" />
          <FullName>MvcRefactorTest.Tests.Controllers.HomeControllerTest</FullName>
          <Methods>
            <Method visited="false" cyclomaticComplexity="1" sequenceCoverage="0" branchCoverage="0" isConstructor="true" isStatic="false" isGetter="false" isSetter="false">
              <Summary numSequencePoints="0" visitedSequencePoints="0" numBranchPoints="0" visitedBranchPoints="0" sequenceCoverage="0" branchCoverage="0" maxCyclomaticComplexity="1" minCyclomaticComplexity="1" visitedClasses="0" numClasses="0" visitedMethods="0" numMethods="0" />
              <MetadataToken>100663315</MetadataToken>
              <Name>System.Void MvcRefactorTest.Tests.Controllers.HomeControllerTest::.ctor()</Name>
              <SequencePoints />
              <BranchPoints />
              <MethodPoint vc="0" uspid="104" ordinal="0" offset="0" />
            </Method>
          </Methods>
        </Class>
      </Classes>
    </Module>
    <Module skippedDueTo="MissingPdb" hash="">
      <FullName>OpenCover.Support.dll</FullName>
      <ModuleName>OpenCover.Support</ModuleName>
      <Classes />
    </Module>
    <Module skippedDueTo="MissingPdb" hash="0B-5B-83-64-D5-80-F2-FF-11-1E-85-83-58-AA-2C-A4-8D-67-C6-C3">
      <FullName>C:\Program Files (x86)\Microsoft Visual Studio 12.0\Common7\IDE\CommonExtensions\Microsoft\TestWindow\Microsoft.VisualStudio.TestPlatform.Utilities.AppContainer.dll</FullName>
      <ModuleName>Microsoft.VisualStudio.TestPlatform.Utilities.AppContainer</ModuleName>
      <Classes />
    </Module>
    <Module skippedDueTo="MissingPdb" hash="70-49-08-2C-C5-F6-DC-B7-3A-98-6B-94-A2-1D-15-50-93-60-67-57">
      <FullName>C:\Program Files (x86)\Microsoft Visual Studio 12.0\Common7\IDE\CommonExtensions\Microsoft\TestWindow\Microsoft.VisualStudio.TestPlatform.Utilities.PhoneAppContainer.dll</FullName>
      <ModuleName>Microsoft.VisualStudio.TestPlatform.Utilities.PhoneAppContainer</ModuleName>
      <Classes />
    </Module>
    <Module skippedDueTo="MissingPdb" hash="86-AC-D6-5D-91-9A-F3-AA-B4-32-E5-5F-5B-BE-B0-02-78-F5-FD-44">
      <FullName>C:\Program Files (x86)\Microsoft Visual Studio 12.0\Common7\IDE\CommonExtensions\Microsoft\TestWindow\Microsoft.VisualStudio.TestPlatform.ObjectModel.dll</FullName>
      <ModuleName>Microsoft.VisualStudio.TestPlatform.ObjectModel</ModuleName>
      <Classes />
    </Module>
    <Module skippedDueTo="MissingPdb" hash="86-AC-D6-5D-91-9A-F3-AA-B4-32-E5-5F-5B-BE-B0-02-78-F5-FD-44">
      <FullName>C:\Program Files (x86)\Microsoft Visual Studio 12.0\Common7\IDE\CommonExtensions\Microsoft\TestWindow\Microsoft.VisualStudio.TestPlatform.ObjectModel.dll</FullName>
      <ModuleName>Microsoft.VisualStudio.TestPlatform.ObjectModel</ModuleName>
      <Classes />
    </Module>
    <Module skippedDueTo="MissingPdb" hash="86-AC-D6-5D-91-9A-F3-AA-B4-32-E5-5F-5B-BE-B0-02-78-F5-FD-44">
      <FullName>C:\Program Files (x86)\Microsoft Visual Studio 12.0\Common7\IDE\CommonExtensions\Microsoft\TestWindow\Microsoft.VisualStudio.TestPlatform.ObjectModel.dll</FullName>
      <ModuleName>Microsoft.VisualStudio.TestPlatform.ObjectModel</ModuleName>
      <Classes />
    </Module>
    <Module skippedDueTo="MissingPdb" hash="86-AC-D6-5D-91-9A-F3-AA-B4-32-E5-5F-5B-BE-B0-02-78-F5-FD-44">
      <FullName>C:\Program Files (x86)\Microsoft Visual Studio 12.0\Common7\IDE\CommonExtensions\Microsoft\TestWindow\Microsoft.VisualStudio.TestPlatform.ObjectModel.dll</FullName>
      <ModuleName>Microsoft.VisualStudio.TestPlatform.ObjectModel</ModuleName>
      <Classes />
    </Module>
    <Module skippedDueTo="Filter" hash="31-4C-59-B7-5C-AF-0C-72-D6-7E-ED-4D-87-55-B7-49-31-7E-69-0F">
      <FullName>C:\WINDOWS\Microsoft.Net\assembly\GAC_MSIL\System\v4.0_4.0.0.0__b77a5c561934e089\System.dll</FullName>
      <ModuleName>System</ModuleName>
      <Classes />
    </Module>
    <Module skippedDueTo="MissingPdb" hash="54-01-51-B7-33-46-19-F1-4C-48-2C-68-35-80-2F-24-E0-63-41-84">
      <FullName>C:\Program Files (x86)\Microsoft Visual Studio 12.0\Common7\IDE\CommonExtensions\Microsoft\TestWindow\Extensions\Microsoft.VisualStudio.TestPlatform.Extensions.VSTestIntegration.dll</FullName>
      <ModuleName>Microsoft.VisualStudio.TestPlatform.Extensions.VSTestIntegration</ModuleName>
      <Classes />
    </Module>
    <Module skippedDueTo="MissingPdb" hash="B6-BE-C7-09-6A-69-79-02-C4-B3-2E-2E-B9-3D-72-09-BB-84-01-6E">
      <FullName>C:\WINDOWS\assembly\GAC_MSIL\Microsoft.VisualStudio.QualityTools.UnitTestFramework\10.0.0.0__b03f5f7f11d50a3a\Microsoft.VisualStudio.QualityTools.UnitTestFramework.dll</FullName>
      <ModuleName>Microsoft.VisualStudio.QualityTools.UnitTestFramework</ModuleName>
      <Classes />
    </Module>
    <Module skippedDueTo="Filter" hash="B7-10-4F-1B-6D-57-21-B9-85-03-68-4E-D4-19-A6-00-93-3C-4E-7D">
      <FullName>C:\WINDOWS\Microsoft.Net\assembly\GAC_MSIL\System.Core\v4.0_4.0.0.0__b77a5c561934e089\System.Core.dll</FullName>
      <ModuleName>System.Core</ModuleName>
      <Classes />
    </Module>
    <Module skippedDueTo="MissingPdb" hash="50-D1-2E-18-09-00-96-D1-E5-5F-62-09-93-83-51-58-1F-78-2C-D9">
      <FullName>C:\Program Files (x86)\Microsoft Visual Studio 12.0\Common7\IDE\CommonExtensions\Microsoft\TestWindow\msdia120typelib_clr0200.dll</FullName>
      <ModuleName>msdia120typelib_clr0200</ModuleName>
      <Classes />
    </Module>
    <Module skippedDueTo="MissingPdb" hash="86-AC-D6-5D-91-9A-F3-AA-B4-32-E5-5F-5B-BE-B0-02-78-F5-FD-44">
      <FullName>C:\Program Files (x86)\Microsoft Visual Studio 12.0\Common7\IDE\CommonExtensions\Microsoft\TestWindow\Microsoft.VisualStudio.TestPlatform.ObjectModel.dll</FullName>
      <ModuleName>Microsoft.VisualStudio.TestPlatform.ObjectModel</ModuleName>
      <Classes />
    </Module>
    <Module skippedDueTo="MissingPdb" hash="54-01-51-B7-33-46-19-F1-4C-48-2C-68-35-80-2F-24-E0-63-41-84">
      <FullName>C:\Program Files (x86)\Microsoft Visual Studio 12.0\Common7\IDE\CommonExtensions\Microsoft\TestWindow\Extensions\Microsoft.VisualStudio.TestPlatform.Extensions.VSTestIntegration.dll</FullName>
      <ModuleName>Microsoft.VisualStudio.TestPlatform.Extensions.VSTestIntegration</ModuleName>
      <Classes />
    </Module>
    <Module skippedDueTo="Filter" hash="59-0C-18-93-DE-DC-22-20-FA-A2-77-22-6A-B9-60-0B-51-67-20-C8">
      <FullName>C:\WINDOWS\Microsoft.Net\assembly\GAC_32\System.Data\v4.0_4.0.0.0__b77a5c561934e089\System.Data.dll</FullName>
      <ModuleName>System.Data</ModuleName>
      <Classes />
    </Module>
    <Module skippedDueTo="Filter" hash="AD-56-8F-5F-20-FC-6D-01-BA-F5-88-25-06-84-53-56-62-E9-A7-DA">
      <FullName>C:\WINDOWS\Microsoft.Net\assembly\GAC_MSIL\System.Configuration\v4.0_4.0.0.0__b03f5f7f11d50a3a\System.Configuration.dll</FullName>
      <ModuleName>System.Configuration</ModuleName>
      <Classes />
    </Module>
    <Module skippedDueTo="Filter" hash="2E-7C-50-4B-F1-9F-44-D6-53-A0-86-3B-B1-FC-68-7E-74-0B-0F-A3">
      <FullName>C:\WINDOWS\Microsoft.Net\assembly\GAC_MSIL\System.Xml\v4.0_4.0.0.0__b77a5c561934e089\System.Xml.dll</FullName>
      <ModuleName>System.Xml</ModuleName>
      <Classes />
    </Module>
    <Module hash="EB-B4-C4-9C-BF-6A-FA-EE-A0-6D-EE-03-9D-7D-F4-07-1D-37-CC-2A">
      <Summary numSequencePoints="44" visitedSequencePoints="6" numBranchPoints="13" visitedBranchPoints="1" sequenceCoverage="13.64" branchCoverage="7.69" maxCyclomaticComplexity="11" minCyclomaticComplexity="1" visitedClasses="1" numClasses="4" visitedMethods="1" numMethods="13" />
      <FullName>E:\GitHub\MvcRefactorTest\MvcRefactorTest.Tests\bin\Debug\MvcRefactorTest.Domain.dll</FullName>
      <ModuleName>MvcRefactorTest.Domain</ModuleName>
      <Files>
        <File uid="5" fullPath="e:\GitHub\MvcRefactorTest\MvcRefactorTest.Domain\base\BaseClass.cs" />
        <File uid="6" fullPath="e:\GitHub\MvcRefactorTest\MvcRefactorTest.Domain\Migrations\201505092240444_GenerateBataBase.cs" />
        <File uid="7" fullPath="e:\GitHub\MvcRefactorTest\MvcRefactorTest.Domain\Migrations\201505092240444_GenerateBataBase.Designer.cs" />
        <File uid="8" fullPath="e:\GitHub\MvcRefactorTest\MvcRefactorTest.Domain\Migrations\Configuration.cs" />
        <File uid="9" fullPath="e:\GitHub\MvcRefactorTest\MvcRefactorTest.Domain\db\dbContext.cs" />
      </Files>
      <Classes>
        <Class>
          <Summary numSequencePoints="0" visitedSequencePoints="0" numBranchPoints="0" visitedBranchPoints="0" sequenceCoverage="0" branchCoverage="0" maxCyclomaticComplexity="0" minCyclomaticComplexity="0" visitedClasses="0" numClasses="0" visitedMethods="0" numMethods="0" />
          <FullName>&lt;Module&gt;</FullName>
          <Methods />
        </Class>
        <Class>
          <Summary numSequencePoints="0" visitedSequencePoints="0" numBranchPoints="0" visitedBranchPoints="0" sequenceCoverage="0" branchCoverage="0" maxCyclomaticComplexity="0" minCyclomaticComplexity="0" visitedClasses="0" numClasses="0" visitedMethods="0" numMethods="0" />
          <FullName>MvcRefactorTest.Domain.base.Extensions</FullName>
          <Methods />
        </Class>
        <Class>
          <Summary numSequencePoints="6" visitedSequencePoints="6" numBranchPoints="1" visitedBranchPoints="1" sequenceCoverage="100" branchCoverage="100" maxCyclomaticComplexity="1" minCyclomaticComplexity="1" visitedClasses="1" numClasses="1" visitedMethods="1" numMethods="1" />
          <FullName>MvcRefactorTest.Domain.base.BaseClass</FullName>
          <Methods>
            <Method visited="true" cyclomaticComplexity="1" sequenceCoverage="0" branchCoverage="0" isConstructor="false" isStatic="false" isGetter="true" isSetter="false">
              <Summary numSequencePoints="0" visitedSequencePoints="0" numBranchPoints="0" visitedBranchPoints="0" sequenceCoverage="0" branchCoverage="0" maxCyclomaticComplexity="1" minCyclomaticComplexity="1" visitedClasses="0" numClasses="0" visitedMethods="0" numMethods="0" />
              <MetadataToken>100663298</MetadataToken>
              <Name>System.Int32 MvcRefactorTest.Domain.base.BaseClass::get_id()</Name>
              <SequencePoints />
              <BranchPoints />
              <MethodPoint vc="2" uspid="105" ordinal="0" offset="0" />
            </Method>
            <Method visited="true" cyclomaticComplexity="1" sequenceCoverage="0" branchCoverage="0" isConstructor="false" isStatic="false" isGetter="false" isSetter="true">
              <Summary numSequencePoints="0" visitedSequencePoints="0" numBranchPoints="0" visitedBranchPoints="0" sequenceCoverage="0" branchCoverage="0" maxCyclomaticComplexity="1" minCyclomaticComplexity="1" visitedClasses="0" numClasses="0" visitedMethods="0" numMethods="0" />
              <MetadataToken>100663299</MetadataToken>
              <Name>System.Void MvcRefactorTest.Domain.base.BaseClass::set_id(System.Int32)</Name>
              <SequencePoints />
              <BranchPoints />
              <MethodPoint vc="32" uspid="106" ordinal="0" offset="0" />
            </Method>
            <Method visited="false" cyclomaticComplexity="1" sequenceCoverage="0" branchCoverage="0" isConstructor="false" isStatic="false" isGetter="true" isSetter="false">
              <Summary numSequencePoints="0" visitedSequencePoints="0" numBranchPoints="0" visitedBranchPoints="0" sequenceCoverage="0" branchCoverage="0" maxCyclomaticComplexity="1" minCyclomaticComplexity="1" visitedClasses="0" numClasses="0" visitedMethods="0" numMethods="0" />
              <MetadataToken>100663300</MetadataToken>
              <Name>System.DateTime MvcRefactorTest.Domain.base.BaseClass::get_DateCreated()</Name>
              <SequencePoints />
              <BranchPoints />
              <MethodPoint vc="0" uspid="107" ordinal="0" offset="0" />
            </Method>
            <Method visited="true" cyclomaticComplexity="1" sequenceCoverage="0" branchCoverage="0" isConstructor="false" isStatic="false" isGetter="false" isSetter="true">
              <Summary numSequencePoints="0" visitedSequencePoints="0" numBranchPoints="0" visitedBranchPoints="0" sequenceCoverage="0" branchCoverage="0" maxCyclomaticComplexity="1" minCyclomaticComplexity="1" visitedClasses="0" numClasses="0" visitedMethods="0" numMethods="0" />
              <MetadataToken>100663301</MetadataToken>
              <Name>System.Void MvcRefactorTest.Domain.base.BaseClass::set_DateCreated(System.DateTime)</Name>
              <SequencePoints />
              <BranchPoints />
              <MethodPoint vc="32" uspid="108" ordinal="0" offset="0" />
            </Method>
            <Method visited="false" cyclomaticComplexity="1" sequenceCoverage="0" branchCoverage="0" isConstructor="false" isStatic="false" isGetter="true" isSetter="false">
              <Summary numSequencePoints="0" visitedSequencePoints="0" numBranchPoints="0" visitedBranchPoints="0" sequenceCoverage="0" branchCoverage="0" maxCyclomaticComplexity="1" minCyclomaticComplexity="1" visitedClasses="0" numClasses="0" visitedMethods="0" numMethods="0" />
              <MetadataToken>100663302</MetadataToken>
              <Name>System.DateTime MvcRefactorTest.Domain.base.BaseClass::get_DateUpdated()</Name>
              <SequencePoints />
              <BranchPoints />
              <MethodPoint vc="0" uspid="109" ordinal="0" offset="0" />
            </Method>
            <Method visited="true" cyclomaticComplexity="1" sequenceCoverage="0" branchCoverage="0" isConstructor="false" isStatic="false" isGetter="false" isSetter="true">
              <Summary numSequencePoints="0" visitedSequencePoints="0" numBranchPoints="0" visitedBranchPoints="0" sequenceCoverage="0" branchCoverage="0" maxCyclomaticComplexity="1" minCyclomaticComplexity="1" visitedClasses="0" numClasses="0" visitedMethods="0" numMethods="0" />
              <MetadataToken>100663303</MetadataToken>
              <Name>System.Void MvcRefactorTest.Domain.base.BaseClass::set_DateUpdated(System.DateTime)</Name>
              <SequencePoints />
              <BranchPoints />
              <MethodPoint vc="32" uspid="110" ordinal="0" offset="0" />
            </Method>
            <Method visited="true" cyclomaticComplexity="1" sequenceCoverage="0" branchCoverage="0" isConstructor="false" isStatic="false" isGetter="true" isSetter="false">
              <Summary numSequencePoints="0" visitedSequencePoints="0" numBranchPoints="0" visitedBranchPoints="0" sequenceCoverage="0" branchCoverage="0" maxCyclomaticComplexity="1" minCyclomaticComplexity="1" visitedClasses="0" numClasses="0" visitedMethods="0" numMethods="0" />
              <MetadataToken>100663304</MetadataToken>
              <Name>System.Boolean MvcRefactorTest.Domain.base.BaseClass::get_IsDeleted()</Name>
              <SequencePoints />
              <BranchPoints />
              <MethodPoint vc="2" uspid="111" ordinal="0" offset="0" />
            </Method>
            <Method visited="true" cyclomaticComplexity="1" sequenceCoverage="0" branchCoverage="0" isConstructor="false" isStatic="false" isGetter="false" isSetter="true">
              <Summary numSequencePoints="0" visitedSequencePoints="0" numBranchPoints="0" visitedBranchPoints="0" sequenceCoverage="0" branchCoverage="0" maxCyclomaticComplexity="1" minCyclomaticComplexity="1" visitedClasses="0" numClasses="0" visitedMethods="0" numMethods="0" />
              <MetadataToken>100663305</MetadataToken>
              <Name>System.Void MvcRefactorTest.Domain.base.BaseClass::set_IsDeleted(System.Boolean)</Name>
              <SequencePoints />
              <BranchPoints />
              <MethodPoint vc="32" uspid="112" ordinal="0" offset="0" />
            </Method>
            <Method visited="true" cyclomaticComplexity="1" sequenceCoverage="100" branchCoverage="100" isConstructor="true" isStatic="false" isGetter="false" isSetter="false">
              <Summary numSequencePoints="6" visitedSequencePoints="6" numBranchPoints="1" visitedBranchPoints="1" sequenceCoverage="100" branchCoverage="100" maxCyclomaticComplexity="1" minCyclomaticComplexity="1" visitedClasses="0" numClasses="0" visitedMethods="1" numMethods="1" />
              <MetadataToken>100663297</MetadataToken>
              <Name>System.Void MvcRefactorTest.Domain.base.BaseClass::.ctor()</Name>
              <FileRef uid="5" />
              <SequencePoints>
                <SequencePoint vc="32" uspid="113" ordinal="0" offset="0" sl="12" sc="9" el="12" ec="27" bec="0" bev="0" fileid="5" />
                <SequencePoint vc="32" uspid="114" ordinal="1" offset="7" sl="13" sc="9" el="13" ec="10" bec="0" bev="0" fileid="5" />
                <SequencePoint vc="32" uspid="115" ordinal="2" offset="8" sl="14" sc="13" el="14" ec="40" bec="0" bev="0" fileid="5" />
                <SequencePoint vc="32" uspid="116" ordinal="3" offset="20" sl="15" sc="13" el="15" ec="40" bec="0" bev="0" fileid="5" />
                <SequencePoint vc="32" uspid="117" ordinal="4" offset="32" sl="16" sc="13" el="16" ec="31" bec="0" bev="0" fileid="5" />
                <SequencePoint vc="32" uspid="118" ordinal="5" offset="40" sl="17" sc="9" el="17" ec="10" bec="0" bev="0" fileid="5" />
              </SequencePoints>
              <BranchPoints />
              <MethodPoint xsi:type="SequencePoint" vc="32" uspid="113" ordinal="0" offset="0" sl="12" sc="9" el="12" ec="27" bec="0" bev="0" fileid="5" />
            </Method>
          </Methods>
        </Class>
        <Class>
          <Summary numSequencePoints="0" visitedSequencePoints="0" numBranchPoints="0" visitedBranchPoints="0" sequenceCoverage="0" branchCoverage="0" maxCyclomaticComplexity="1" minCyclomaticComplexity="1" visitedClasses="0" numClasses="0" visitedMethods="0" numMethods="0" />
          <FullName>MvcRefactorTest.Domain.Contact</FullName>
          <Methods>
            <Method visited="false" cyclomaticComplexity="1" sequenceCoverage="0" branchCoverage="0" isConstructor="false" isStatic="false" isGetter="true" isSetter="false">
              <Summary numSequencePoints="0" visitedSequencePoints="0" numBranchPoints="0" visitedBranchPoints="0" sequenceCoverage="0" branchCoverage="0" maxCyclomaticComplexity="1" minCyclomaticComplexity="1" visitedClasses="0" numClasses="0" visitedMethods="0" numMethods="0" />
              <MetadataToken>100663306</MetadataToken>
              <Name>System.String MvcRefactorTest.Domain.Contact::get_MainPhone()</Name>
              <SequencePoints />
              <BranchPoints />
              <MethodPoint vc="0" uspid="119" ordinal="0" offset="0" />
            </Method>
            <Method visited="false" cyclomaticComplexity="1" sequenceCoverage="0" branchCoverage="0" isConstructor="false" isStatic="false" isGetter="false" isSetter="true">
              <Summary numSequencePoints="0" visitedSequencePoints="0" numBranchPoints="0" visitedBranchPoints="0" sequenceCoverage="0" branchCoverage="0" maxCyclomaticComplexity="1" minCyclomaticComplexity="1" visitedClasses="0" numClasses="0" visitedMethods="0" numMethods="0" />
              <MetadataToken>100663307</MetadataToken>
              <Name>System.Void MvcRefactorTest.Domain.Contact::set_MainPhone(System.String)</Name>
              <SequencePoints />
              <BranchPoints />
              <MethodPoint vc="0" uspid="120" ordinal="0" offset="0" />
            </Method>
            <Method visited="false" cyclomaticComplexity="1" sequenceCoverage="0" branchCoverage="0" isConstructor="false" isStatic="false" isGetter="true" isSetter="false">
              <Summary numSequencePoints="0" visitedSequencePoints="0" numBranchPoints="0" visitedBranchPoints="0" sequenceCoverage="0" branchCoverage="0" maxCyclomaticComplexity="1" minCyclomaticComplexity="1" visitedClasses="0" numClasses="0" visitedMethods="0" numMethods="0" />
              <MetadataToken>100663308</MetadataToken>
              <Name>System.String MvcRefactorTest.Domain.Contact::get_AfterHours()</Name>
              <SequencePoints />
              <BranchPoints />
              <MethodPoint vc="0" uspid="121" ordinal="0" offset="0" />
            </Method>
            <Method visited="false" cyclomaticComplexity="1" sequenceCoverage="0" branchCoverage="0" isConstructor="false" isStatic="false" isGetter="false" isSetter="true">
              <Summary numSequencePoints="0" visitedSequencePoints="0" numBranchPoints="0" visitedBranchPoints="0" sequenceCoverage="0" branchCoverage="0" maxCyclomaticComplexity="1" minCyclomaticComplexity="1" visitedClasses="0" numClasses="0" visitedMethods="0" numMethods="0" />
              <MetadataToken>100663309</MetadataToken>
              <Name>System.Void MvcRefactorTest.Domain.Contact::set_AfterHours(System.String)</Name>
              <SequencePoints />
              <BranchPoints />
              <MethodPoint vc="0" uspid="122" ordinal="0" offset="0" />
            </Method>
            <Method visited="false" cyclomaticComplexity="1" sequenceCoverage="0" branchCoverage="0" isConstructor="false" isStatic="false" isGetter="true" isSetter="false">
              <Summary numSequencePoints="0" visitedSequencePoints="0" numBranchPoints="0" visitedBranchPoints="0" sequenceCoverage="0" branchCoverage="0" maxCyclomaticComplexity="1" minCyclomaticComplexity="1" visitedClasses="0" numClasses="0" visitedMethods="0" numMethods="0" />
              <MetadataToken>100663310</MetadataToken>
              <Name>System.String MvcRefactorTest.Domain.Contact::get_SupportEmail()</Name>
              <SequencePoints />
              <BranchPoints />
              <MethodPoint vc="0" uspid="123" ordinal="0" offset="0" />
            </Method>
            <Method visited="false" cyclomaticComplexity="1" sequenceCoverage="0" branchCoverage="0" isConstructor="false" isStatic="false" isGetter="false" isSetter="true">
              <Summary numSequencePoints="0" visitedSequencePoints="0" numBranchPoints="0" visitedBranchPoints="0" sequenceCoverage="0" branchCoverage="0" maxCyclomaticComplexity="1" minCyclomaticComplexity="1" visitedClasses="0" numClasses="0" visitedMethods="0" numMethods="0" />
              <MetadataToken>100663311</MetadataToken>
              <Name>System.Void MvcRefactorTest.Domain.Contact::set_SupportEmail(System.String)</Name>
              <SequencePoints />
              <BranchPoints />
              <MethodPoint vc="0" uspid="124" ordinal="0" offset="0" />
            </Method>
            <Method visited="false" cyclomaticComplexity="1" sequenceCoverage="0" branchCoverage="0" isConstructor="false" isStatic="false" isGetter="true" isSetter="false">
              <Summary numSequencePoints="0" visitedSequencePoints="0" numBranchPoints="0" visitedBranchPoints="0" sequenceCoverage="0" branchCoverage="0" maxCyclomaticComplexity="1" minCyclomaticComplexity="1" visitedClasses="0" numClasses="0" visitedMethods="0" numMethods="0" />
              <MetadataToken>100663312</MetadataToken>
              <Name>System.String MvcRefactorTest.Domain.Contact::get_MarketingEmail()</Name>
              <SequencePoints />
              <BranchPoints />
              <MethodPoint vc="0" uspid="125" ordinal="0" offset="0" />
            </Method>
            <Method visited="false" cyclomaticComplexity="1" sequenceCoverage="0" branchCoverage="0" isConstructor="false" isStatic="false" isGetter="false" isSetter="true">
              <Summary numSequencePoints="0" visitedSequencePoints="0" numBranchPoints="0" visitedBranchPoints="0" sequenceCoverage="0" branchCoverage="0" maxCyclomaticComplexity="1" minCyclomaticComplexity="1" visitedClasses="0" numClasses="0" visitedMethods="0" numMethods="0" />
              <MetadataToken>100663313</MetadataToken>
              <Name>System.Void MvcRefactorTest.Domain.Contact::set_MarketingEmail(System.String)</Name>
              <SequencePoints />
              <BranchPoints />
              <MethodPoint vc="0" uspid="126" ordinal="0" offset="0" />
            </Method>
            <Method visited="false" cyclomaticComplexity="1" sequenceCoverage="0" branchCoverage="0" isConstructor="false" isStatic="false" isGetter="true" isSetter="false">
              <Summary numSequencePoints="0" visitedSequencePoints="0" numBranchPoints="0" visitedBranchPoints="0" sequenceCoverage="0" branchCoverage="0" maxCyclomaticComplexity="1" minCyclomaticComplexity="1" visitedClasses="0" numClasses="0" visitedMethods="0" numMethods="0" />
              <MetadataToken>100663314</MetadataToken>
              <Name>System.String MvcRefactorTest.Domain.Contact::get_GeneralEmail()</Name>
              <SequencePoints />
              <BranchPoints />
              <MethodPoint vc="0" uspid="127" ordinal="0" offset="0" />
            </Method>
            <Method visited="false" cyclomaticComplexity="1" sequenceCoverage="0" branchCoverage="0" isConstructor="false" isStatic="false" isGetter="false" isSetter="true">
              <Summary numSequencePoints="0" visitedSequencePoints="0" numBranchPoints="0" visitedBranchPoints="0" sequenceCoverage="0" branchCoverage="0" maxCyclomaticComplexity="1" minCyclomaticComplexity="1" visitedClasses="0" numClasses="0" visitedMethods="0" numMethods="0" />
              <MetadataToken>100663315</MetadataToken>
              <Name>System.Void MvcRefactorTest.Domain.Contact::set_GeneralEmail(System.String)</Name>
              <SequencePoints />
              <BranchPoints />
              <MethodPoint vc="0" uspid="128" ordinal="0" offset="0" />
            </Method>
            <Method visited="false" cyclomaticComplexity="1" sequenceCoverage="0" branchCoverage="0" isConstructor="false" isStatic="false" isGetter="true" isSetter="false">
              <Summary numSequencePoints="0" visitedSequencePoints="0" numBranchPoints="0" visitedBranchPoints="0" sequenceCoverage="0" branchCoverage="0" maxCyclomaticComplexity="1" minCyclomaticComplexity="1" visitedClasses="0" numClasses="0" visitedMethods="0" numMethods="0" />
              <MetadataToken>100663316</MetadataToken>
              <Name>System.String MvcRefactorTest.Domain.Contact::get_Address()</Name>
              <SequencePoints />
              <BranchPoints />
              <MethodPoint vc="0" uspid="129" ordinal="0" offset="0" />
            </Method>
            <Method visited="false" cyclomaticComplexity="1" sequenceCoverage="0" branchCoverage="0" isConstructor="false" isStatic="false" isGetter="false" isSetter="true">
              <Summary numSequencePoints="0" visitedSequencePoints="0" numBranchPoints="0" visitedBranchPoints="0" sequenceCoverage="0" branchCoverage="0" maxCyclomaticComplexity="1" minCyclomaticComplexity="1" visitedClasses="0" numClasses="0" visitedMethods="0" numMethods="0" />
              <MetadataToken>100663317</MetadataToken>
              <Name>System.Void MvcRefactorTest.Domain.Contact::set_Address(System.String)</Name>
              <SequencePoints />
              <BranchPoints />
              <MethodPoint vc="0" uspid="130" ordinal="0" offset="0" />
            </Method>
            <Method visited="false" cyclomaticComplexity="1" sequenceCoverage="0" branchCoverage="0" isConstructor="true" isStatic="false" isGetter="false" isSetter="false">
              <Summary numSequencePoints="0" visitedSequencePoints="0" numBranchPoints="0" visitedBranchPoints="0" sequenceCoverage="0" branchCoverage="0" maxCyclomaticComplexity="1" minCyclomaticComplexity="1" visitedClasses="0" numClasses="0" visitedMethods="0" numMethods="0" />
              <MetadataToken>100663318</MetadataToken>
              <Name>System.Void MvcRefactorTest.Domain.Contact::.ctor()</Name>
              <SequencePoints />
              <BranchPoints />
              <MethodPoint vc="0" uspid="131" ordinal="0" offset="0" />
            </Method>
          </Methods>
        </Class>
        <Class>
          <Summary numSequencePoints="0" visitedSequencePoints="0" numBranchPoints="0" visitedBranchPoints="0" sequenceCoverage="0" branchCoverage="0" maxCyclomaticComplexity="1" minCyclomaticComplexity="1" visitedClasses="0" numClasses="0" visitedMethods="0" numMethods="0" />
          <FullName>MvcRefactorTest.Domain.Log</FullName>
          <Methods>
            <Method visited="false" cyclomaticComplexity="1" sequenceCoverage="0" branchCoverage="0" isConstructor="false" isStatic="false" isGetter="true" isSetter="false">
              <Summary numSequencePoints="0" visitedSequencePoints="0" numBranchPoints="0" visitedBranchPoints="0" sequenceCoverage="0" branchCoverage="0" maxCyclomaticComplexity="1" minCyclomaticComplexity="1" visitedClasses="0" numClasses="0" visitedMethods="0" numMethods="0" />
              <MetadataToken>100663319</MetadataToken>
              <Name>System.Int32 MvcRefactorTest.Domain.Log::get_Id()</Name>
              <SequencePoints />
              <BranchPoints />
              <MethodPoint vc="0" uspid="132" ordinal="0" offset="0" />
            </Method>
            <Method visited="false" cyclomaticComplexity="1" sequenceCoverage="0" branchCoverage="0" isConstructor="false" isStatic="false" isGetter="false" isSetter="true">
              <Summary numSequencePoints="0" visitedSequencePoints="0" numBranchPoints="0" visitedBranchPoints="0" sequenceCoverage="0" branchCoverage="0" maxCyclomaticComplexity="1" minCyclomaticComplexity="1" visitedClasses="0" numClasses="0" visitedMethods="0" numMethods="0" />
              <MetadataToken>100663320</MetadataToken>
              <Name>System.Void MvcRefactorTest.Domain.Log::set_Id(System.Int32)</Name>
              <SequencePoints />
              <BranchPoints />
              <MethodPoint vc="0" uspid="133" ordinal="0" offset="0" />
            </Method>
            <Method visited="false" cyclomaticComplexity="1" sequenceCoverage="0" branchCoverage="0" isConstructor="false" isStatic="false" isGetter="true" isSetter="false">
              <Summary numSequencePoints="0" visitedSequencePoints="0" numBranchPoints="0" visitedBranchPoints="0" sequenceCoverage="0" branchCoverage="0" maxCyclomaticComplexity="1" minCyclomaticComplexity="1" visitedClasses="0" numClasses="0" visitedMethods="0" numMethods="0" />
              <MetadataToken>100663321</MetadataToken>
              <Name>System.DateTime MvcRefactorTest.Domain.Log::get_Date()</Name>
              <SequencePoints />
              <BranchPoints />
              <MethodPoint vc="0" uspid="134" ordinal="0" offset="0" />
            </Method>
            <Method visited="false" cyclomaticComplexity="1" sequenceCoverage="0" branchCoverage="0" isConstructor="false" isStatic="false" isGetter="false" isSetter="true">
              <Summary numSequencePoints="0" visitedSequencePoints="0" numBranchPoints="0" visitedBranchPoints="0" sequenceCoverage="0" branchCoverage="0" maxCyclomaticComplexity="1" minCyclomaticComplexity="1" visitedClasses="0" numClasses="0" visitedMethods="0" numMethods="0" />
              <MetadataToken>100663322</MetadataToken>
              <Name>System.Void MvcRefactorTest.Domain.Log::set_Date(System.DateTime)</Name>
              <SequencePoints />
              <BranchPoints />
              <MethodPoint vc="0" uspid="135" ordinal="0" offset="0" />
            </Method>
            <Method visited="false" cyclomaticComplexity="1" sequenceCoverage="0" branchCoverage="0" isConstructor="false" isStatic="false" isGetter="true" isSetter="false">
              <Summary numSequencePoints="0" visitedSequencePoints="0" numBranchPoints="0" visitedBranchPoints="0" sequenceCoverage="0" branchCoverage="0" maxCyclomaticComplexity="1" minCyclomaticComplexity="1" visitedClasses="0" numClasses="0" visitedMethods="0" numMethods="0" />
              <MetadataToken>100663323</MetadataToken>
              <Name>System.String MvcRefactorTest.Domain.Log::get_Thread()</Name>
              <SequencePoints />
              <BranchPoints />
              <MethodPoint vc="0" uspid="136" ordinal="0" offset="0" />
            </Method>
            <Method visited="false" cyclomaticComplexity="1" sequenceCoverage="0" branchCoverage="0" isConstructor="false" isStatic="false" isGetter="false" isSetter="true">
              <Summary numSequencePoints="0" visitedSequencePoints="0" numBranchPoints="0" visitedBranchPoints="0" sequenceCoverage="0" branchCoverage="0" maxCyclomaticComplexity="1" minCyclomaticComplexity="1" visitedClasses="0" numClasses="0" visitedMethods="0" numMethods="0" />
              <MetadataToken>100663324</MetadataToken>
              <Name>System.Void MvcRefactorTest.Domain.Log::set_Thread(System.String)</Name>
              <SequencePoints />
              <BranchPoints />
              <MethodPoint vc="0" uspid="137" ordinal="0" offset="0" />
            </Method>
            <Method visited="false" cyclomaticComplexity="1" sequenceCoverage="0" branchCoverage="0" isConstructor="false" isStatic="false" isGetter="true" isSetter="false">
              <Summary numSequencePoints="0" visitedSequencePoints="0" numBranchPoints="0" visitedBranchPoints="0" sequenceCoverage="0" branchCoverage="0" maxCyclomaticComplexity="1" minCyclomaticComplexity="1" visitedClasses="0" numClasses="0" visitedMethods="0" numMethods="0" />
              <MetadataToken>100663325</MetadataToken>
              <Name>System.String MvcRefactorTest.Domain.Log::get_Level()</Name>
              <SequencePoints />
              <BranchPoints />
              <MethodPoint vc="0" uspid="138" ordinal="0" offset="0" />
            </Method>
            <Method visited="false" cyclomaticComplexity="1" sequenceCoverage="0" branchCoverage="0" isConstructor="false" isStatic="false" isGetter="false" isSetter="true">
              <Summary numSequencePoints="0" visitedSequencePoints="0" numBranchPoints="0" visitedBranchPoints="0" sequenceCoverage="0" branchCoverage="0" maxCyclomaticComplexity="1" minCyclomaticComplexity="1" visitedClasses="0" numClasses="0" visitedMethods="0" numMethods="0" />
              <MetadataToken>100663326</MetadataToken>
              <Name>System.Void MvcRefactorTest.Domain.Log::set_Level(System.String)</Name>
              <SequencePoints />
              <BranchPoints />
              <MethodPoint vc="0" uspid="139" ordinal="0" offset="0" />
            </Method>
            <Method visited="false" cyclomaticComplexity="1" sequenceCoverage="0" branchCoverage="0" isConstructor="false" isStatic="false" isGetter="true" isSetter="false">
              <Summary numSequencePoints="0" visitedSequencePoints="0" numBranchPoints="0" visitedBranchPoints="0" sequenceCoverage="0" branchCoverage="0" maxCyclomaticComplexity="1" minCyclomaticComplexity="1" visitedClasses="0" numClasses="0" visitedMethods="0" numMethods="0" />
              <MetadataToken>100663327</MetadataToken>
[...]
                <SequencePoint vc="1" uspid="498" ordinal="8" offset="30" sl="123" sc="13" el="123" ec="14" bec="0" bev="0" fileid="20" />
                <SequencePoint vc="0" uspid="499" ordinal="9" offset="33" sl="124" sc="13" el="124" ec="33" bec="0" bev="0" fileid="20" />
                <SequencePoint vc="0" uspid="500" ordinal="10" offset="34" sl="125" sc="13" el="125" ec="14" bec="0" bev="0" fileid="20" />
                <SequencePoint vc="0" uspid="501" ordinal="11" offset="35" sl="126" sc="17" el="126" ec="47" bec="0" bev="0" fileid="20" />
                <SequencePoint vc="0" uspid="502" ordinal="12" offset="54" sl="127" sc="13" el="127" ec="14" bec="0" bev="0" fileid="20" />
                <SequencePoint vc="1" uspid="503" ordinal="13" offset="58" sl="129" sc="13" el="129" ec="28" bec="0" bev="0" fileid="20" />
                <SequencePoint vc="1" uspid="504" ordinal="14" offset="62" sl="130" sc="9" el="130" ec="10" bec="0" bev="0" fileid="20" />
              </SequencePoints>
              <BranchPoints>
                <BranchPoint vc="1" uspid="505" ordinal="0" offset="24" sl="119" path="0" offsetend="26" fileid="20" />
                <BranchPoint vc="0" uspid="506" ordinal="1" offset="24" sl="119" path="1" offsetend="30" fileid="20" />
              </BranchPoints>
              <MethodPoint xsi:type="SequencePoint" vc="1" uspid="490" ordinal="0" offset="0" sl="113" sc="9" el="113" ec="10" bec="0" bev="0" fileid="20" />
            </Method>
            <Method visited="false" cyclomaticComplexity="2" sequenceCoverage="0" branchCoverage="0" isConstructor="false" isStatic="false" isGetter="false" isSetter="false">
              <Summary numSequencePoints="15" visitedSequencePoints="0" numBranchPoints="3" visitedBranchPoints="0" sequenceCoverage="0" branchCoverage="0" maxCyclomaticComplexity="2" minCyclomaticComplexity="2" visitedClasses="0" numClasses="0" visitedMethods="0" numMethods="1" />
              <MetadataToken>100663313</MetadataToken>
              <Name>System.Boolean MvcRefactorTest.BL.UserService::GetAllUsersBy(System.Boolean,System.Collections.Generic.IList`1&lt;MvcRefactorTest.Domain.User&gt;&amp;)</Name>
              <FileRef uid="20" />
              <SequencePoints>
                <SequencePoint vc="0" uspid="507" ordinal="0" offset="0" sl="139" sc="9" el="139" ec="10" bec="0" bev="0" fileid="20" />
                <SequencePoint vc="0" uspid="508" ordinal="1" offset="1" sl="140" sc="13" el="140" ec="33" bec="0" bev="0" fileid="20" />
                <SequencePoint vc="0" uspid="509" ordinal="2" offset="3" sl="141" sc="13" el="141" ec="29" bec="0" bev="0" fileid="20" />
                <SequencePoint vc="0" uspid="510" ordinal="3" offset="6" sl="144" sc="13" el="144" ec="14" bec="0" bev="0" fileid="20" />
                <SequencePoint vc="0" uspid="511" ordinal="4" offset="7" sl="145" sc="17" el="145" ec="73" bec="2" bev="0" fileid="20" />
                <SequencePoint vc="0" uspid="512" ordinal="5" offset="27" sl="146" sc="17" el="146" ec="18" bec="0" bev="0" fileid="20" />
                <SequencePoint vc="0" uspid="513" ordinal="6" offset="28" sl="147" sc="21" el="147" ec="36" bec="0" bev="0" fileid="20" />
                <SequencePoint vc="0" uspid="514" ordinal="7" offset="30" sl="148" sc="17" el="148" ec="18" bec="0" bev="0" fileid="20" />
                <SequencePoint vc="0" uspid="515" ordinal="8" offset="31" sl="149" sc="13" el="149" ec="14" bec="0" bev="0" fileid="20" />
                <SequencePoint vc="0" uspid="516" ordinal="9" offset="34" sl="150" sc="13" el="150" ec="33" bec="0" bev="0" fileid="20" />
                <SequencePoint vc="0" uspid="517" ordinal="10" offset="35" sl="151" sc="13" el="151" ec="14" bec="0" bev="0" fileid="20" />
                <SequencePoint vc="0" uspid="518" ordinal="11" offset="36" sl="152" sc="17" el="152" ec="47" bec="0" bev="0" fileid="20" />
                <SequencePoint vc="0" uspid="519" ordinal="12" offset="55" sl="153" sc="13" el="153" ec="14" bec="0" bev="0" fileid="20" />
                <SequencePoint vc="0" uspid="520" ordinal="13" offset="59" sl="155" sc="13" el="155" ec="28" bec="0" bev="0" fileid="20" />
                <SequencePoint vc="0" uspid="521" ordinal="14" offset="63" sl="156" sc="9" el="156" ec="10" bec="0" bev="0" fileid="20" />
              </SequencePoints>
              <BranchPoints>
                <BranchPoint vc="0" uspid="522" ordinal="0" offset="25" sl="145" path="0" offsetend="27" fileid="20" />
                <BranchPoint vc="0" uspid="523" ordinal="1" offset="25" sl="145" path="1" offsetend="31" fileid="20" />
              </BranchPoints>
              <MethodPoint xsi:type="SequencePoint" vc="0" uspid="507" ordinal="0" offset="0" sl="139" sc="9" el="139" ec="10" bec="0" bev="0" fileid="20" />
            </Method>
            <Method visited="false" cyclomaticComplexity="2" sequenceCoverage="0" branchCoverage="0" isConstructor="false" isStatic="false" isGetter="false" isSetter="false">
              <Summary numSequencePoints="15" visitedSequencePoints="0" numBranchPoints="3" visitedBranchPoints="0" sequenceCoverage="0" branchCoverage="0" maxCyclomaticComplexity="2" minCyclomaticComplexity="2" visitedClasses="0" numClasses="0" visitedMethods="0" numMethods="1" />
              <MetadataToken>100663314</MetadataToken>
              <Name>System.Boolean MvcRefactorTest.BL.UserService::CreateUser(System.String,System.String,System.String,MvcRefactorTest.Domain.User&amp;)</Name>
              <FileRef uid="20" />
              <SequencePoints>
                <SequencePoint vc="0" uspid="524" ordinal="0" offset="0" sl="171" sc="9" el="171" ec="10" bec="0" bev="0" fileid="20" />
                <SequencePoint vc="0" uspid="525" ordinal="1" offset="1" sl="172" sc="13" el="172" ec="33" bec="0" bev="0" fileid="20" />
                <SequencePoint vc="0" uspid="526" ordinal="2" offset="3" sl="173" sc="13" el="173" ec="28" bec="0" bev="0" fileid="20" />
                <SequencePoint vc="0" uspid="527" ordinal="3" offset="7" sl="176" sc="13" el="176" ec="14" bec="0" bev="0" fileid="20" />
                <SequencePoint vc="0" uspid="528" ordinal="4" offset="8" sl="177" sc="17" el="177" ec="87" bec="2" bev="0" fileid="20" />
                <SequencePoint vc="0" uspid="529" ordinal="5" offset="31" sl="178" sc="17" el="178" ec="18" bec="0" bev="0" fileid="20" />
                <SequencePoint vc="0" uspid="530" ordinal="6" offset="32" sl="179" sc="21" el="179" ec="36" bec="0" bev="0" fileid="20" />
                <SequencePoint vc="0" uspid="531" ordinal="7" offset="34" sl="180" sc="17" el="180" ec="18" bec="0" bev="0" fileid="20" />
                <SequencePoint vc="0" uspid="532" ordinal="8" offset="35" sl="181" sc="13" el="181" ec="14" bec="0" bev="0" fileid="20" />
                <SequencePoint vc="0" uspid="533" ordinal="9" offset="38" sl="182" sc="13" el="182" ec="33" bec="0" bev="0" fileid="20" />
                <SequencePoint vc="0" uspid="534" ordinal="10" offset="39" sl="183" sc="13" el="183" ec="14" bec="0" bev="0" fileid="20" />
                <SequencePoint vc="0" uspid="535" ordinal="11" offset="40" sl="184" sc="17" el="184" ec="47" bec="0" bev="0" fileid="20" />
                <SequencePoint vc="0" uspid="536" ordinal="12" offset="59" sl="185" sc="13" el="185" ec="14" bec="0" bev="0" fileid="20" />
                <SequencePoint vc="0" uspid="537" ordinal="13" offset="63" sl="187" sc="13" el="187" ec="28" bec="0" bev="0" fileid="20" />
                <SequencePoint vc="0" uspid="538" ordinal="14" offset="67" sl="188" sc="9" el="188" ec="10" bec="0" bev="0" fileid="20" />
              </SequencePoints>
              <BranchPoints>
                <BranchPoint vc="0" uspid="539" ordinal="0" offset="29" sl="177" path="0" offsetend="31" fileid="20" />
                <BranchPoint vc="0" uspid="540" ordinal="1" offset="29" sl="177" path="1" offsetend="35" fileid="20" />
              </BranchPoints>
              <MethodPoint xsi:type="SequencePoint" vc="0" uspid="524" ordinal="0" offset="0" sl="171" sc="9" el="171" ec="10" bec="0" bev="0" fileid="20" />
            </Method>
            <Method visited="false" cyclomaticComplexity="2" sequenceCoverage="0" branchCoverage="0" isConstructor="false" isStatic="false" isGetter="false" isSetter="false">
              <Summary numSequencePoints="14" visitedSequencePoints="0" numBranchPoints="3" visitedBranchPoints="0" sequenceCoverage="0" branchCoverage="0" maxCyclomaticComplexity="2" minCyclomaticComplexity="2" visitedClasses="0" numClasses="0" visitedMethods="0" numMethods="1" />
              <MetadataToken>100663315</MetadataToken>
              <Name>System.Boolean MvcRefactorTest.BL.UserService::ChangePassword(System.String,System.String)</Name>
              <FileRef uid="20" />
              <SequencePoints>
                <SequencePoint vc="0" uspid="541" ordinal="0" offset="0" sl="197" sc="9" el="197" ec="10" bec="0" bev="0" fileid="20" />
                <SequencePoint vc="0" uspid="542" ordinal="1" offset="1" sl="198" sc="13" el="198" ec="33" bec="0" bev="0" fileid="20" />
                <SequencePoint vc="0" uspid="543" ordinal="2" offset="3" sl="201" sc="13" el="201" ec="14" bec="0" bev="0" fileid="20" />
                <SequencePoint vc="0" uspid="544" ordinal="3" offset="4" sl="202" sc="17" el="202" ec="72" bec="2" bev="0" fileid="20" />
                <SequencePoint vc="0" uspid="545" ordinal="4" offset="24" sl="203" sc="17" el="203" ec="18" bec="0" bev="0" fileid="20" />
                <SequencePoint vc="0" uspid="546" ordinal="5" offset="25" sl="204" sc="21" el="204" ec="36" bec="0" bev="0" fileid="20" />
                <SequencePoint vc="0" uspid="547" ordinal="6" offset="27" sl="205" sc="17" el="205" ec="18" bec="0" bev="0" fileid="20" />
                <SequencePoint vc="0" uspid="548" ordinal="7" offset="28" sl="206" sc="13" el="206" ec="14" bec="0" bev="0" fileid="20" />
                <SequencePoint vc="0" uspid="549" ordinal="8" offset="31" sl="207" sc="13" el="207" ec="33" bec="0" bev="0" fileid="20" />
                <SequencePoint vc="0" uspid="550" ordinal="9" offset="32" sl="208" sc="13" el="208" ec="14" bec="0" bev="0" fileid="20" />
                <SequencePoint vc="0" uspid="551" ordinal="10" offset="33" sl="209" sc="17" el="209" ec="47" bec="0" bev="0" fileid="20" />
                <SequencePoint vc="0" uspid="552" ordinal="11" offset="52" sl="210" sc="13" el="210" ec="14" bec="0" bev="0" fileid="20" />
                <SequencePoint vc="0" uspid="553" ordinal="12" offset="56" sl="212" sc="13" el="212" ec="28" bec="0" bev="0" fileid="20" />
                <SequencePoint vc="0" uspid="554" ordinal="13" offset="60" sl="213" sc="9" el="213" ec="10" bec="0" bev="0" fileid="20" />
              </SequencePoints>
              <BranchPoints>
                <BranchPoint vc="0" uspid="555" ordinal="0" offset="22" sl="202" path="0" offsetend="24" fileid="20" />
                <BranchPoint vc="0" uspid="556" ordinal="1" offset="22" sl="202" path="1" offsetend="28" fileid="20" />
              </BranchPoints>
              <MethodPoint xsi:type="SequencePoint" vc="0" uspid="541" ordinal="0" offset="0" sl="197" sc="9" el="197" ec="10" bec="0" bev="0" fileid="20" />
            </Method>
            <Method visited="false" cyclomaticComplexity="2" sequenceCoverage="0" branchCoverage="0" isConstructor="false" isStatic="false" isGetter="false" isSetter="false">
              <Summary numSequencePoints="15" visitedSequencePoints="0" numBranchPoints="3" visitedBranchPoints="0" sequenceCoverage="0" branchCoverage="0" maxCyclomaticComplexity="2" minCyclomaticComplexity="2" visitedClasses="0" numClasses="0" visitedMethods="0" numMethods="1" />
              <MetadataToken>100663316</MetadataToken>
              <Name>System.Boolean MvcRefactorTest.BL.UserService::RemoveUserFromRole(System.String,System.String,MvcRefactorTest.Domain.User&amp;)</Name>
              <FileRef uid="20" />
              <SequencePoints>
                <SequencePoint vc="0" uspid="557" ordinal="0" offset="0" sl="223" sc="9" el="223" ec="10" bec="0" bev="0" fileid="20" />
                <SequencePoint vc="0" uspid="558" ordinal="1" offset="1" sl="224" sc="13" el="224" ec="33" bec="0" bev="0" fileid="20" />
                <SequencePoint vc="0" uspid="559" ordinal="2" offset="3" sl="225" sc="13" el="225" ec="34" bec="0" bev="0" fileid="20" />
                <SequencePoint vc="0" uspid="560" ordinal="3" offset="10" sl="228" sc="13" el="228" ec="14" bec="0" bev="0" fileid="20" />
                <SequencePoint vc="0" uspid="561" ordinal="4" offset="11" sl="229" sc="17" el="229" ec="85" bec="2" bev="0" fileid="20" />
                <SequencePoint vc="0" uspid="562" ordinal="5" offset="32" sl="230" sc="17" el="230" ec="18" bec="0" bev="0" fileid="20" />
                <SequencePoint vc="0" uspid="563" ordinal="6" offset="33" sl="231" sc="21" el="231" ec="36" bec="0" bev="0" fileid="20" />
                <SequencePoint vc="0" uspid="564" ordinal="7" offset="35" sl="232" sc="17" el="232" ec="18" bec="0" bev="0" fileid="20" />
                <SequencePoint vc="0" uspid="565" ordinal="8" offset="36" sl="233" sc="13" el="233" ec="14" bec="0" bev="0" fileid="20" />
                <SequencePoint vc="0" uspid="566" ordinal="9" offset="39" sl="234" sc="13" el="234" ec="33" bec="0" bev="0" fileid="20" />
                <SequencePoint vc="0" uspid="567" ordinal="10" offset="40" sl="235" sc="13" el="235" ec="14" bec="0" bev="0" fileid="20" />
                <SequencePoint vc="0" uspid="568" ordinal="11" offset="41" sl="236" sc="17" el="236" ec="47" bec="0" bev="0" fileid="20" />
                <SequencePoint vc="0" uspid="569" ordinal="12" offset="60" sl="237" sc="13" el="237" ec="14" bec="0" bev="0" fileid="20" />
                <SequencePoint vc="0" uspid="570" ordinal="13" offset="64" sl="239" sc="13" el="239" ec="28" bec="0" bev="0" fileid="20" />
                <SequencePoint vc="0" uspid="571" ordinal="14" offset="68" sl="240" sc="9" el="240" ec="10" bec="0" bev="0" fileid="20" />
              </SequencePoints>
              <BranchPoints>
                <BranchPoint vc="0" uspid="572" ordinal="0" offset="30" sl="229" path="0" offsetend="32" fileid="20" />
                <BranchPoint vc="0" uspid="573" ordinal="1" offset="30" sl="229" path="1" offsetend="36" fileid="20" />
              </BranchPoints>
              <MethodPoint xsi:type="SequencePoint" vc="0" uspid="557" ordinal="0" offset="0" sl="223" sc="9" el="223" ec="10" bec="0" bev="0" fileid="20" />
            </Method>
          </Methods>
        </Class>
      </Classes>
    </Module>
    <Module skippedDueTo="MissingPdb" hash="">
      <FullName>RefEmit_InMemoryManifestModule</FullName>
      <ModuleName>Anonymously Hosted DynamicMethods Assembly</ModuleName>
      <Classes />
    </Module>
    <Module skippedDueTo="MissingPdb" hash="">
      <FullName>RefEmit_InMemoryManifestModule</FullName>
      <ModuleName>DynamicProxyGenAssembly2</ModuleName>
      <Classes />
    </Module>
    <Module skippedDueTo="MissingPdb" hash="">
      <FullName>RefEmit_InMemoryManifestModule</FullName>
      <ModuleName>DynamicProxyGenAssembly2</ModuleName>
      <Classes />
    </Module>
    <Module hash="5A-91-CF-7D-A5-53-AB-6F-89-25-B1-17-80-D7-E9-42-7B-96-BC-9D">
      <Summary numSequencePoints="7" visitedSequencePoints="7" numBranchPoints="1" visitedBranchPoints="1" sequenceCoverage="100" branchCoverage="100" maxCyclomaticComplexity="1" minCyclomaticComplexity="1" visitedClasses="1" numClasses="1" visitedMethods="1" numMethods="1" />
      <FullName>E:\GitHub\MvcRefactorTest\MvcRefactorTest.Tests\bin\Debug\MvcRefactorTest.Log4Net.dll</FullName>
      <ModuleName>MvcRefactorTest.Log4Net</ModuleName>
      <Files>
        <File uid="23" fullPath="e:\GitHub\MvcRefactorTest\MvcRefactorTest.Log4Net\LogFactory.cs" />
      </Files>
      <Classes>
        <Class>
          <Summary numSequencePoints="0" visitedSequencePoints="0" numBranchPoints="0" visitedBranchPoints="0" sequenceCoverage="0" branchCoverage="0" maxCyclomaticComplexity="0" minCyclomaticComplexity="0" visitedClasses="0" numClasses="0" visitedMethods="0" numMethods="0" />
          <FullName>&lt;Module&gt;</FullName>
          <Methods />
        </Class>
        <Class>
          <Summary numSequencePoints="7" visitedSequencePoints="7" numBranchPoints="1" visitedBranchPoints="1" sequenceCoverage="100" branchCoverage="100" maxCyclomaticComplexity="1" minCyclomaticComplexity="1" visitedClasses="1" numClasses="1" visitedMethods="1" numMethods="1" />
          <FullName>MvcRefactorTest.Log4Net.LogFactory</FullName>
          <Methods>
            <Method visited="true" cyclomaticComplexity="1" sequenceCoverage="100" branchCoverage="100" isConstructor="false" isStatic="true" isGetter="false" isSetter="false">
              <Summary numSequencePoints="7" visitedSequencePoints="7" numBranchPoints="1" visitedBranchPoints="1" sequenceCoverage="100" branchCoverage="100" maxCyclomaticComplexity="1" minCyclomaticComplexity="1" visitedClasses="0" numClasses="0" visitedMethods="1" numMethods="1" />
              <MetadataToken>100663297</MetadataToken>
              <Name>log4net.ILog MvcRefactorTest.Log4Net.LogFactory::GetLogger()</Name>
              <FileRef uid="23" />
              <SequencePoints>
                <SequencePoint vc="3" uspid="574" ordinal="0" offset="0" sl="14" sc="9" el="14" ec="10" bec="0" bev="0" fileid="23" />
                <SequencePoint vc="3" uspid="575" ordinal="1" offset="1" sl="15" sc="13" el="16" ec="119" bec="0" bev="0" fileid="23" />
                <SequencePoint vc="3" uspid="576" ordinal="2" offset="32" sl="17" sc="13" el="17" ec="76" bec="0" bev="0" fileid="23" />
                <SequencePoint vc="3" uspid="577" ordinal="3" offset="49" sl="18" sc="13" el="18" ec="59" bec="0" bev="0" fileid="23" />
                <SequencePoint vc="3" uspid="578" ordinal="4" offset="56" sl="19" sc="13" el="19" ec="65" bec="0" bev="0" fileid="23" />
                <SequencePoint vc="3" uspid="579" ordinal="5" offset="72" sl="20" sc="13" el="20" ec="24" bec="0" bev="0" fileid="23" />
                <SequencePoint vc="3" uspid="580" ordinal="6" offset="76" sl="21" sc="9" el="21" ec="10" bec="0" bev="0" fileid="23" />
              </SequencePoints>
              <BranchPoints />
              <MethodPoint xsi:type="SequencePoint" vc="3" uspid="574" ordinal="0" offset="0" sl="14" sc="9" el="14" ec="10" bec="0" bev="0" fileid="23" />
            </Method>
          </Methods>
        </Class>
      </Classes>
    </Module>
    <Module skippedDueTo="MissingPdb" hash="4B-E4-F5-F9-03-6A-AE-86-52-40-85-EC-B8-93-AE-65-52-FC-73-1D">
      <FullName>E:\GitHub\MvcRefactorTest\MvcRefactorTest.Tests\bin\Debug\log4net.dll</FullName>
      <ModuleName>log4net</ModuleName>
      <Classes />
    </Module>
    <Module skippedDueTo="MissingPdb" hash="7E-D6-0C-5F-08-95-B3-B7-AE-9C-0F-24-97-E9-46-63-43-CF-F3-C3">
      <FullName>C:\Program Files (x86)\Microsoft Visual Studio 12.0\Common7\IDE\CommonExtensions\Microsoft\TestWindow\Extensions\CppUnitFramework\Microsoft.VisualStudio.TestTools.CppUnitTestFramework.TestEngine.dll</FullName>
      <ModuleName>Microsoft.VisualStudio.TestTools.CppUnitTestFramework.TestEngine</ModuleName>
      <Classes />
    </Module>
    <Module skippedDueTo="MissingPdb" hash="49-FB-E6-5F-63-17-3F-47-76-D5-73-EE-00-1C-ED-B8-E9-ED-07-82">
      <FullName>C:\Program Files (x86)\Microsoft Visual Studio 12.0\Common7\IDE\CommonExtensions\Microsoft\TestWindow\Extensions\CppUnitFramework\Microsoft.VisualStudio.TestTools.CppUnitTestFramework.Discoverer.dll</FullName>
      <ModuleName>Microsoft.VisualStudio.TestTools.CppUnitTestFramework.Discoverer</ModuleName>
      <Classes />
    </Module>
  </Modules>
</CoverageSession>